{"C:\\Users\\gecig\\dev\\stellar-burgers\\src\\components\\app\\app.tsx": {"path":"C:\\Users\\gecig\\dev\\stellar-burgers\\src\\components\\app\\app.tsx","statementMap":{"0":{"start":{"line":1,"column":0},"end":{"line":1,"column":34}},"1":{"start":{"line":2,"column":0},"end":{"line":2,"column":null}},"2":{"start":{"line":15,"column":0},"end":{"line":15,"column":75}},"3":{"start":{"line":16,"column":0},"end":{"line":16,"column":25}},"4":{"start":{"line":17,"column":0},"end":{"line":17,"column":38}},"5":{"start":{"line":19,"column":0},"end":{"line":19,"column":40}},"6":{"start":{"line":20,"column":0},"end":{"line":20,"column":66}},"7":{"start":{"line":21,"column":0},"end":{"line":21,"column":68}},"8":{"start":{"line":22,"column":0},"end":{"line":22,"column":70}},"9":{"start":{"line":23,"column":0},"end":{"line":23,"column":75}},"10":{"start":{"line":24,"column":0},"end":{"line":24,"column":75}},"11":{"start":{"line":25,"column":0},"end":{"line":25,"column":null}},"12":{"start":{"line":29,"column":0},"end":{"line":29,"column":78}},"13":{"start":{"line":30,"column":0},"end":{"line":30,"column":47}},"14":{"start":{"line":31,"column":0},"end":{"line":31,"column":32}},"15":{"start":{"line":33,"column":12},"end":{"line":189,"column":1}},"16":{"start":{"line":34,"column":19},"end":{"line":34,"column":35}},"17":{"start":{"line":35,"column":19},"end":{"line":35,"column":32}},"18":{"start":{"line":36,"column":19},"end":{"line":36,"column":32}},"19":{"start":{"line":37,"column":21},"end":{"line":37,"column":47}},"20":{"start":{"line":39,"column":20},"end":{"line":39,"column":51}},"21":{"start":{"line":40,"column":16},"end":{"line":40,"column":43}},"22":{"start":{"line":41,"column":24},"end":{"line":41,"column":59}},"23":{"start":{"line":43,"column":22},"end":{"line":45,"column":3}},"24":{"start":{"line":44,"column":4},"end":{"line":44,"column":17}},"25":{"start":{"line":47,"column":2},"end":{"line":56,"column":32}},"26":{"start":{"line":48,"column":4},"end":{"line":48,"column":33}},"27":{"start":{"line":50,"column":24},"end":{"line":50,"column":48}},"28":{"start":{"line":51,"column":4},"end":{"line":55,"column":5}},"29":{"start":{"line":52,"column":6},"end":{"line":52,"column":26}},"30":{"start":{"line":53,"column":11},"end":{"line":55,"column":5}},"31":{"start":{"line":54,"column":6},"end":{"line":54,"column":33}},"32":{"start":{"line":58,"column":2},"end":{"line":65,"column":3}},"33":{"start":{"line":59,"column":4},"end":{"line":64,"column":6}},"34":{"start":{"line":67,"column":2},"end":{"line":74,"column":3}},"35":{"start":{"line":68,"column":4},"end":{"line":73,"column":6}},"36":{"start":{"line":76,"column":2},"end":{"line":85,"column":3}},"37":{"start":{"line":77,"column":4},"end":{"line":84,"column":6}},"38":{"start":{"line":87,"column":2},"end":{"line":188,"column":4}},"39":{"start":{"line":191,"column":0},"end":{"line":191,"column":19}}},"fnMap":{"0":{"name":"(anonymous_1)","decl":{"start":{"line":33,"column":12},"end":{"line":33,"column":15}},"loc":{"start":{"line":33,"column":17},"end":{"line":189,"column":1}}},"1":{"name":"(anonymous_2)","decl":{"start":{"line":43,"column":22},"end":{"line":43,"column":25}},"loc":{"start":{"line":43,"column":27},"end":{"line":45,"column":3}}},"2":{"name":"(anonymous_3)","decl":{"start":{"line":47,"column":12},"end":{"line":47,"column":15}},"loc":{"start":{"line":47,"column":17},"end":{"line":56,"column":3}}}},"branchMap":{"0":{"loc":{"start":{"line":37,"column":21},"end":{"line":37,"column":47}},"type":"cond-expr","locations":[{"start":{"line":37,"column":35},"end":{"line":37,"column":37}},{"start":{"line":37,"column":35},"end":{"line":37,"column":47}}]},"1":{"loc":{"start":{"line":37,"column":21},"end":{"line":37,"column":37}},"type":"binary-expr","locations":[{"start":{"line":37,"column":21},"end":{"line":37,"column":37}},{"start":{"line":37,"column":35},"end":{"line":37,"column":37}}]},"2":{"loc":{"start":{"line":51,"column":4},"end":{"line":55,"column":5}},"type":"if","locations":[{"start":{"line":51,"column":4},"end":{"line":55,"column":5}},{"start":{"line":53,"column":11},"end":{"line":55,"column":5}}]},"3":{"loc":{"start":{"line":51,"column":8},"end":{"line":51,"column":37}},"type":"binary-expr","locations":[{"start":{"line":51,"column":8},"end":{"line":51,"column":19}},{"start":{"line":51,"column":23},"end":{"line":51,"column":37}}]},"4":{"loc":{"start":{"line":53,"column":11},"end":{"line":55,"column":5}},"type":"if","locations":[{"start":{"line":53,"column":11},"end":{"line":55,"column":5}}]},"5":{"loc":{"start":{"line":53,"column":15},"end":{"line":53,"column":45}},"type":"binary-expr","locations":[{"start":{"line":53,"column":15},"end":{"line":53,"column":27}},{"start":{"line":53,"column":31},"end":{"line":53,"column":45}}]},"6":{"loc":{"start":{"line":58,"column":2},"end":{"line":65,"column":3}},"type":"if","locations":[{"start":{"line":58,"column":2},"end":{"line":65,"column":3}}]},"7":{"loc":{"start":{"line":67,"column":2},"end":{"line":74,"column":3}},"type":"if","locations":[{"start":{"line":67,"column":2},"end":{"line":74,"column":3}}]},"8":{"loc":{"start":{"line":76,"column":2},"end":{"line":85,"column":3}},"type":"if","locations":[{"start":{"line":76,"column":2},"end":{"line":85,"column":3}}]},"9":{"loc":{"start":{"line":91,"column":24},"end":{"line":91,"column":46}},"type":"binary-expr","locations":[{"start":{"line":91,"column":24},"end":{"line":91,"column":34}},{"start":{"line":91,"column":38},"end":{"line":91,"column":46}}]},"10":{"loc":{"start":{"line":157,"column":7},"end":{"line":185,"column":null}},"type":"binary-expr","locations":[{"start":{"line":157,"column":7},"end":{"line":157,"column":17}},{"start":{"line":158,"column":8},"end":{"line":184,"column":null}}]}},"s":{"0":0,"1":0,"2":0,"3":0,"4":0,"5":0,"6":0,"7":0,"8":0,"9":0,"10":0,"11":0,"12":0,"13":0,"14":0,"15":0,"16":0,"17":0,"18":0,"19":0,"20":0,"21":0,"22":0,"23":0,"24":0,"25":0,"26":0,"27":0,"28":0,"29":0,"30":0,"31":0,"32":0,"33":0,"34":0,"35":0,"36":0,"37":0,"38":0,"39":0},"f":{"0":0,"1":0,"2":0},"b":{"0":[0,0],"1":[0,0],"2":[0,0],"3":[0,0],"4":[0],"5":[0,0],"6":[0],"7":[0],"8":[0],"9":[0,0],"10":[0,0]}}
,"C:\\Users\\gecig\\dev\\stellar-burgers\\src\\components\\app-header\\app-header.tsx": {"path":"C:\\Users\\gecig\\dev\\stellar-burgers\\src\\components\\app-header\\app-header.tsx","statementMap":{"0":{"start":{"line":2,"column":0},"end":{"line":2,"column":34}},"1":{"start":{"line":3,"column":0},"end":{"line":3,"column":54}},"2":{"start":{"line":4,"column":0},"end":{"line":4,"column":69}},"3":{"start":{"line":6,"column":29},"end":{"line":11,"column":1}},"4":{"start":{"line":7,"column":15},"end":{"line":7,"column":41}},"5":{"start":{"line":8,"column":19},"end":{"line":8,"column":35}},"6":{"start":{"line":10,"column":2},"end":{"line":10,"column":45}},"7":{"start":{"line":6,"column":13},"end":{"line":6,"column":29}}},"fnMap":{"0":{"name":"(anonymous_0)","decl":{"start":{"line":6,"column":29},"end":{"line":6,"column":32}},"loc":{"start":{"line":6,"column":34},"end":{"line":11,"column":1}}}},"branchMap":{"0":{"loc":{"start":{"line":8,"column":19},"end":{"line":8,"column":35}},"type":"binary-expr","locations":[{"start":{"line":8,"column":19},"end":{"line":8,"column":29}},{"start":{"line":8,"column":33},"end":{"line":8,"column":35}}]},"1":{"loc":{"start":{"line":8,"column":19},"end":{"line":8,"column":29}},"type":"cond-expr","locations":[{"start":{"line":8,"column":23},"end":{"line":8,"column":25}},{"start":{"line":8,"column":19},"end":{"line":8,"column":29}}]},"2":{"loc":{"start":{"line":8,"column":19},"end":{"line":8,"column":25}},"type":"binary-expr","locations":[{"start":{"line":8,"column":19},"end":{"line":8,"column":25}},{"start":{"line":8,"column":19},"end":{"line":8,"column":25}}]}},"s":{"0":0,"1":0,"2":0,"3":0,"4":0,"5":0,"6":0,"7":0},"f":{"0":0},"b":{"0":[0,0],"1":[0,0],"2":[0,0]}}
,"C:\\Users\\gecig\\dev\\stellar-burgers\\src\\components\\burger-constructor\\burger-constructor.tsx": {"path":"C:\\Users\\gecig\\dev\\stellar-burgers\\src\\components\\burger-constructor\\burger-constructor.tsx","statementMap":{"0":{"start":{"line":1,"column":0},"end":{"line":1,"column":36}},"1":{"start":{"line":2,"column":0},"end":{"line":2,"column":47}},"2":{"start":{"line":3,"column":0},"end":{"line":3,"column":70}},"3":{"start":{"line":4,"column":0},"end":{"line":4,"column":null}},"4":{"start":{"line":8,"column":0},"end":{"line":8,"column":69}},"5":{"start":{"line":10,"column":0},"end":{"line":10,"column":63}},"6":{"start":{"line":12,"column":37},"end":{"line":71,"column":1}},"7":{"start":{"line":13,"column":19},"end":{"line":13,"column":35}},"8":{"start":{"line":14,"column":19},"end":{"line":14,"column":32}},"9":{"start":{"line":15,"column":15},"end":{"line":15,"column":41}},"10":{"start":{"line":17,"column":14},"end":{"line":17,"column":71}},"11":{"start":{"line":17,"column":40},"end":{"line":17,"column":63}},"12":{"start":{"line":19,"column":4},"end":{"line":19,"column":67}},"13":{"start":{"line":19,"column":30},"end":{"line":19,"column":61}},"14":{"start":{"line":21,"column":4},"end":{"line":21,"column":63}},"15":{"start":{"line":21,"column":30},"end":{"line":21,"column":54}},"16":{"start":{"line":23,"column":4},"end":{"line":23,"column":65}},"17":{"start":{"line":23,"column":30},"end":{"line":23,"column":57}},"18":{"start":{"line":25,"column":27},"end":{"line":28,"column":4}},"19":{"start":{"line":30,"column":23},"end":{"line":46,"column":3}},"20":{"start":{"line":31,"column":4},"end":{"line":31,"column":54}},"21":{"start":{"line":31,"column":47},"end":{"line":31,"column":54}},"22":{"start":{"line":33,"column":4},"end":{"line":36,"column":5}},"23":{"start":{"line":34,"column":6},"end":{"line":34,"column":51}},"24":{"start":{"line":35,"column":6},"end":{"line":35,"column":13}},"25":{"start":{"line":38,"column":27},"end":{"line":44,"column":6}},"26":{"start":{"line":41,"column":42},"end":{"line":41,"column":50}},"27":{"start":{"line":45,"column":4},"end":{"line":45,"column":42}},"28":{"start":{"line":48,"column":26},"end":{"line":50,"column":3}},"29":{"start":{"line":49,"column":4},"end":{"line":49,"column":34}},"30":{"start":{"line":52,"column":16},"end":{"line":59,"column":24}},"31":{"start":{"line":53,"column":21},"end":{"line":53,"column":78}},"32":{"start":{"line":54,"column":29},"end":{"line":56,"column":null}},"33":{"start":{"line":55,"column":48},"end":{"line":55,"column":59}},"34":{"start":{"line":58,"column":4},"end":{"line":58,"column":39}},"35":{"start":{"line":61,"column":2},"end":{"line":70,"column":4}},"36":{"start":{"line":12,"column":13},"end":{"line":12,"column":37}}},"fnMap":{"0":{"name":"(anonymous_0)","decl":{"start":{"line":12,"column":37},"end":{"line":12,"column":40}},"loc":{"start":{"line":12,"column":42},"end":{"line":71,"column":1}}},"1":{"name":"(anonymous_1)","decl":{"start":{"line":17,"column":29},"end":{"line":17,"column":30}},"loc":{"start":{"line":17,"column":39},"end":{"line":17,"column":63}}},"2":{"name":"(anonymous_2)","decl":{"start":{"line":19,"column":19},"end":{"line":19,"column":20}},"loc":{"start":{"line":19,"column":29},"end":{"line":19,"column":61}}},"3":{"name":"(anonymous_3)","decl":{"start":{"line":21,"column":19},"end":{"line":21,"column":20}},"loc":{"start":{"line":21,"column":29},"end":{"line":21,"column":54}}},"4":{"name":"(anonymous_4)","decl":{"start":{"line":23,"column":19},"end":{"line":23,"column":20}},"loc":{"start":{"line":23,"column":29},"end":{"line":23,"column":57}}},"5":{"name":"(anonymous_5)","decl":{"start":{"line":30,"column":23},"end":{"line":30,"column":26}},"loc":{"start":{"line":30,"column":28},"end":{"line":46,"column":3}}},"6":{"name":"(anonymous_6)","decl":{"start":{"line":41,"column":8},"end":{"line":41,"column":9}},"loc":{"start":{"line":41,"column":42},"end":{"line":41,"column":50}}},"7":{"name":"(anonymous_7)","decl":{"start":{"line":48,"column":26},"end":{"line":48,"column":29}},"loc":{"start":{"line":48,"column":31},"end":{"line":50,"column":3}}},"8":{"name":"(anonymous_8)","decl":{"start":{"line":52,"column":24},"end":{"line":52,"column":27}},"loc":{"start":{"line":52,"column":29},"end":{"line":59,"column":3}}},"9":{"name":"(anonymous_9)","decl":{"start":{"line":55,"column":6},"end":{"line":55,"column":7}},"loc":{"start":{"line":55,"column":48},"end":{"line":55,"column":59}}}},"branchMap":{"0":{"loc":{"start":{"line":17,"column":14},"end":{"line":17,"column":71}},"type":"cond-expr","locations":[{"start":{"line":17,"column":63},"end":{"line":17,"column":67}},{"start":{"line":17,"column":67},"end":{"line":17,"column":71}}]},"1":{"loc":{"start":{"line":17,"column":14},"end":{"line":17,"column":67}},"type":"binary-expr","locations":[{"start":{"line":17,"column":14},"end":{"line":17,"column":67}},{"start":{"line":17,"column":63},"end":{"line":17,"column":67}}]},"2":{"loc":{"start":{"line":17,"column":40},"end":{"line":17,"column":62}},"type":"cond-expr","locations":[{"start":{"line":17,"column":57},"end":{"line":17,"column":59}},{"start":{"line":17,"column":57},"end":{"line":17,"column":62}}]},"3":{"loc":{"start":{"line":17,"column":40},"end":{"line":17,"column":59}},"type":"binary-expr","locations":[{"start":{"line":17,"column":40},"end":{"line":17,"column":59}},{"start":{"line":17,"column":57},"end":{"line":17,"column":59}}]},"4":{"loc":{"start":{"line":19,"column":4},"end":{"line":19,"column":67}},"type":"cond-expr","locations":[{"start":{"line":19,"column":61},"end":{"line":19,"column":65}},{"start":{"line":19,"column":65},"end":{"line":19,"column":67}}]},"5":{"loc":{"start":{"line":19,"column":4},"end":{"line":19,"column":65}},"type":"binary-expr","locations":[{"start":{"line":19,"column":4},"end":{"line":19,"column":65}},{"start":{"line":19,"column":61},"end":{"line":19,"column":65}}]},"6":{"loc":{"start":{"line":19,"column":30},"end":{"line":19,"column":60}},"type":"cond-expr","locations":[{"start":{"line":19,"column":47},"end":{"line":19,"column":49}},{"start":{"line":19,"column":47},"end":{"line":19,"column":60}}]},"7":{"loc":{"start":{"line":19,"column":30},"end":{"line":19,"column":49}},"type":"binary-expr","locations":[{"start":{"line":19,"column":30},"end":{"line":19,"column":49}},{"start":{"line":19,"column":47},"end":{"line":19,"column":49}}]},"8":{"loc":{"start":{"line":21,"column":4},"end":{"line":21,"column":63}},"type":"cond-expr","locations":[{"start":{"line":21,"column":54},"end":{"line":21,"column":58}},{"start":{"line":21,"column":58},"end":{"line":21,"column":63}}]},"9":{"loc":{"start":{"line":21,"column":4},"end":{"line":21,"column":58}},"type":"binary-expr","locations":[{"start":{"line":21,"column":4},"end":{"line":21,"column":58}},{"start":{"line":21,"column":54},"end":{"line":21,"column":58}}]},"10":{"loc":{"start":{"line":21,"column":30},"end":{"line":21,"column":53}},"type":"cond-expr","locations":[{"start":{"line":21,"column":42},"end":{"line":21,"column":44}},{"start":{"line":21,"column":42},"end":{"line":21,"column":53}}]},"11":{"loc":{"start":{"line":21,"column":30},"end":{"line":21,"column":44}},"type":"binary-expr","locations":[{"start":{"line":21,"column":30},"end":{"line":21,"column":44}},{"start":{"line":21,"column":42},"end":{"line":21,"column":44}}]},"12":{"loc":{"start":{"line":23,"column":4},"end":{"line":23,"column":65}},"type":"cond-expr","locations":[{"start":{"line":23,"column":57},"end":{"line":23,"column":61}},{"start":{"line":23,"column":61},"end":{"line":23,"column":65}}]},"13":{"loc":{"start":{"line":23,"column":4},"end":{"line":23,"column":61}},"type":"binary-expr","locations":[{"start":{"line":23,"column":4},"end":{"line":23,"column":61}},{"start":{"line":23,"column":57},"end":{"line":23,"column":61}}]},"14":{"loc":{"start":{"line":23,"column":30},"end":{"line":23,"column":56}},"type":"cond-expr","locations":[{"start":{"line":23,"column":42},"end":{"line":23,"column":44}},{"start":{"line":23,"column":42},"end":{"line":23,"column":56}}]},"15":{"loc":{"start":{"line":23,"column":30},"end":{"line":23,"column":44}},"type":"binary-expr","locations":[{"start":{"line":23,"column":30},"end":{"line":23,"column":44}},{"start":{"line":23,"column":42},"end":{"line":23,"column":44}}]},"16":{"loc":{"start":{"line":31,"column":4},"end":{"line":31,"column":54}},"type":"if","locations":[{"start":{"line":31,"column":4},"end":{"line":31,"column":54}}]},"17":{"loc":{"start":{"line":31,"column":8},"end":{"line":31,"column":45}},"type":"binary-expr","locations":[{"start":{"line":31,"column":8},"end":{"line":31,"column":29}},{"start":{"line":31,"column":33},"end":{"line":31,"column":45}}]},"18":{"loc":{"start":{"line":33,"column":4},"end":{"line":36,"column":5}},"type":"if","locations":[{"start":{"line":33,"column":4},"end":{"line":36,"column":5}}]},"19":{"loc":{"start":{"line":53,"column":21},"end":{"line":53,"column":78}},"type":"cond-expr","locations":[{"start":{"line":53,"column":44},"end":{"line":53,"column":74}},{"start":{"line":53,"column":77},"end":{"line":53,"column":78}}]}},"s":{"0":0,"1":0,"2":0,"3":0,"4":0,"5":0,"6":0,"7":0,"8":0,"9":0,"10":0,"11":0,"12":0,"13":0,"14":0,"15":0,"16":0,"17":0,"18":0,"19":0,"20":0,"21":0,"22":0,"23":0,"24":0,"25":0,"26":0,"27":0,"28":0,"29":0,"30":0,"31":0,"32":0,"33":0,"34":0,"35":0,"36":0},"f":{"0":0,"1":0,"2":0,"3":0,"4":0,"5":0,"6":0,"7":0,"8":0,"9":0},"b":{"0":[0,0],"1":[0,0],"2":[0,0],"3":[0,0],"4":[0,0],"5":[0,0],"6":[0,0],"7":[0,0],"8":[0,0],"9":[0,0],"10":[0,0],"11":[0,0],"12":[0,0],"13":[0,0],"14":[0,0],"15":[0,0],"16":[0],"17":[0,0],"18":[0],"19":[0,0]}}
,"C:\\Users\\gecig\\dev\\stellar-burgers\\src\\components\\burger-constructor-element\\burger-constructor-element.tsx": {"path":"C:\\Users\\gecig\\dev\\stellar-burgers\\src\\components\\burger-constructor-element\\burger-constructor-element.tsx","statementMap":{"0":{"start":{"line":2,"column":0},"end":{"line":2,"column":54}},"1":{"start":{"line":3,"column":0},"end":{"line":3,"column":null}},"2":{"start":{"line":7,"column":0},"end":{"line":7,"column":78}},"3":{"start":{"line":10,"column":75},"end":{"line":33,"column":1}},"4":{"start":{"line":15,"column":19},"end":{"line":15,"column":35}},"5":{"start":{"line":17,"column":22},"end":{"line":17,"column":69}},"6":{"start":{"line":17,"column":28},"end":{"line":17,"column":69}},"7":{"start":{"line":18,"column":23},"end":{"line":19,"column":59}},"8":{"start":{"line":19,"column":4},"end":{"line":19,"column":59}},"9":{"start":{"line":20,"column":25},"end":{"line":21,"column":72}},"10":{"start":{"line":21,"column":4},"end":{"line":21,"column":72}},"11":{"start":{"line":23,"column":2},"end":{"line":32,"column":4}},"12":{"start":{"line":10,"column":13},"end":{"line":10,"column":75}}},"fnMap":{"0":{"name":"(anonymous_0)","decl":{"start":{"line":10,"column":75},"end":{"line":10,"column":76}},"loc":{"start":{"line":14,"column":5},"end":{"line":33,"column":1}}},"1":{"name":"(anonymous_1)","decl":{"start":{"line":17,"column":22},"end":{"line":17,"column":25}},"loc":{"start":{"line":17,"column":28},"end":{"line":17,"column":69}}},"2":{"name":"(anonymous_2)","decl":{"start":{"line":18,"column":23},"end":{"line":18,"column":26}},"loc":{"start":{"line":19,"column":4},"end":{"line":19,"column":59}}},"3":{"name":"(anonymous_3)","decl":{"start":{"line":20,"column":25},"end":{"line":20,"column":28}},"loc":{"start":{"line":21,"column":4},"end":{"line":21,"column":72}}}},"branchMap":{"0":{"loc":{"start":{"line":19,"column":4},"end":{"line":19,"column":59}},"type":"binary-expr","locations":[{"start":{"line":19,"column":4},"end":{"line":19,"column":13}},{"start":{"line":19,"column":17},"end":{"line":19,"column":59}}]},"1":{"loc":{"start":{"line":21,"column":4},"end":{"line":21,"column":72}},"type":"binary-expr","locations":[{"start":{"line":21,"column":4},"end":{"line":21,"column":26}},{"start":{"line":21,"column":30},"end":{"line":21,"column":72}}]}},"s":{"0":0,"1":0,"2":0,"3":0,"4":0,"5":0,"6":0,"7":0,"8":0,"9":0,"10":0,"11":0,"12":0},"f":{"0":0,"1":0,"2":0,"3":0},"b":{"0":[0,0],"1":[0,0]}}
,"C:\\Users\\gecig\\dev\\stellar-burgers\\src\\components\\burger-ingredient\\burger-ingredient.tsx": {"path":"C:\\Users\\gecig\\dev\\stellar-burgers\\src\\components\\burger-ingredient\\burger-ingredient.tsx","statementMap":{"0":{"start":{"line":1,"column":0},"end":{"line":1,"column":33}},"1":{"start":{"line":2,"column":0},"end":{"line":2,"column":47}},"2":{"start":{"line":3,"column":0},"end":{"line":3,"column":41}},"3":{"start":{"line":6,"column":13},"end":{"line":25,"column":2}},"4":{"start":{"line":8,"column":21},"end":{"line":8,"column":34}},"5":{"start":{"line":10,"column":22},"end":{"line":14,"column":5}},"6":{"start":{"line":11,"column":6},"end":{"line":13,"column":7}},"7":{"start":{"line":12,"column":8},"end":{"line":12,"column":31}},"8":{"start":{"line":16,"column":4},"end":{"line":23,"column":6}}},"fnMap":{"0":{"name":"(anonymous_0)","decl":{"start":{"line":7,"column":2},"end":{"line":7,"column":3}},"loc":{"start":{"line":7,"column":40},"end":{"line":24,"column":3}}},"1":{"name":"(anonymous_1)","decl":{"start":{"line":10,"column":22},"end":{"line":10,"column":25}},"loc":{"start":{"line":10,"column":27},"end":{"line":14,"column":5}}}},"branchMap":{"0":{"loc":{"start":{"line":11,"column":6},"end":{"line":13,"column":7}},"type":"if","locations":[{"start":{"line":11,"column":6},"end":{"line":13,"column":7}}]}},"s":{"0":0,"1":0,"2":0,"3":0,"4":0,"5":0,"6":0,"7":0,"8":0},"f":{"0":0,"1":0},"b":{"0":[0]}}
,"C:\\Users\\gecig\\dev\\stellar-burgers\\src\\components\\burger-ingredients\\burger-ingredients.tsx": {"path":"C:\\Users\\gecig\\dev\\stellar-burgers\\src\\components\\burger-ingredients\\burger-ingredients.tsx","statementMap":{"0":{"start":{"line":1,"column":0},"end":{"line":1,"column":56}},"1":{"start":{"line":2,"column":0},"end":{"line":2,"column":56}},"2":{"start":{"line":3,"column":0},"end":{"line":3,"column":70}},"3":{"start":{"line":4,"column":0},"end":{"line":4,"column":83}},"4":{"start":{"line":5,"column":0},"end":{"line":5,"column":73}},"5":{"start":{"line":7,"column":0},"end":{"line":7,"column":63}},"6":{"start":{"line":9,"column":37},"end":{"line":66,"column":1}},"7":{"start":{"line":10,"column":19},"end":{"line":10,"column":35}},"8":{"start":{"line":11,"column":22},"end":{"line":11,"column":55}},"9":{"start":{"line":13,"column":15},"end":{"line":13,"column":64}},"10":{"start":{"line":13,"column":44},"end":{"line":13,"column":63}},"11":{"start":{"line":14,"column":16},"end":{"line":14,"column":66}},"12":{"start":{"line":14,"column":45},"end":{"line":14,"column":65}},"13":{"start":{"line":15,"column":17},"end":{"line":15,"column":68}},"14":{"start":{"line":15,"column":46},"end":{"line":15,"column":67}},"15":{"start":{"line":17,"column":38},"end":{"line":17,"column":63}},"16":{"start":{"line":18,"column":22},"end":{"line":18,"column":54}},"17":{"start":{"line":19,"column":23},"end":{"line":19,"column":55}},"18":{"start":{"line":20,"column":25},"end":{"line":20,"column":57}},"19":{"start":{"line":22,"column":32},"end":{"line":22,"column":59}},"20":{"start":{"line":23,"column":36},"end":{"line":23,"column":63}},"21":{"start":{"line":24,"column":36},"end":{"line":24,"column":63}},"22":{"start":{"line":26,"column":2},"end":{"line":34,"column":48}},"23":{"start":{"line":27,"column":4},"end":{"line":33,"column":5}},"24":{"start":{"line":28,"column":6},"end":{"line":28,"column":27}},"25":{"start":{"line":29,"column":11},"end":{"line":33,"column":5}},"26":{"start":{"line":30,"column":6},"end":{"line":30,"column":29}},"27":{"start":{"line":31,"column":11},"end":{"line":33,"column":5}},"28":{"start":{"line":32,"column":6},"end":{"line":32,"column":28}},"29":{"start":{"line":36,"column":21},"end":{"line":44,"column":3}},"30":{"start":{"line":37,"column":4},"end":{"line":37,"column":35}},"31":{"start":{"line":38,"column":4},"end":{"line":39,"column":66}},"32":{"start":{"line":39,"column":6},"end":{"line":39,"column":66}},"33":{"start":{"line":40,"column":4},"end":{"line":41,"column":67}},"34":{"start":{"line":41,"column":6},"end":{"line":41,"column":67}},"35":{"start":{"line":42,"column":4},"end":{"line":43,"column":69}},"36":{"start":{"line":43,"column":6},"end":{"line":43,"column":69}},"37":{"start":{"line":46,"column":30},"end":{"line":48,"column":3}},"38":{"start":{"line":47,"column":4},"end":{"line":47,"column":40}},"39":{"start":{"line":50,"column":2},"end":{"line":65,"column":4}},"40":{"start":{"line":9,"column":13},"end":{"line":9,"column":37}}},"fnMap":{"0":{"name":"(anonymous_0)","decl":{"start":{"line":9,"column":37},"end":{"line":9,"column":40}},"loc":{"start":{"line":9,"column":42},"end":{"line":66,"column":1}}},"1":{"name":"(anonymous_1)","decl":{"start":{"line":13,"column":34},"end":{"line":13,"column":35}},"loc":{"start":{"line":13,"column":44},"end":{"line":13,"column":63}}},"2":{"name":"(anonymous_2)","decl":{"start":{"line":14,"column":35},"end":{"line":14,"column":36}},"loc":{"start":{"line":14,"column":45},"end":{"line":14,"column":65}}},"3":{"name":"(anonymous_3)","decl":{"start":{"line":15,"column":36},"end":{"line":15,"column":37}},"loc":{"start":{"line":15,"column":46},"end":{"line":15,"column":67}}},"4":{"name":"(anonymous_4)","decl":{"start":{"line":26,"column":12},"end":{"line":26,"column":15}},"loc":{"start":{"line":26,"column":17},"end":{"line":34,"column":3}}},"5":{"name":"(anonymous_5)","decl":{"start":{"line":36,"column":21},"end":{"line":36,"column":22}},"loc":{"start":{"line":36,"column":37},"end":{"line":44,"column":3}}},"6":{"name":"(anonymous_6)","decl":{"start":{"line":46,"column":30},"end":{"line":46,"column":31}},"loc":{"start":{"line":46,"column":58},"end":{"line":48,"column":3}}}},"branchMap":{"0":{"loc":{"start":{"line":27,"column":4},"end":{"line":33,"column":5}},"type":"if","locations":[{"start":{"line":27,"column":4},"end":{"line":33,"column":5}},{"start":{"line":29,"column":11},"end":{"line":33,"column":5}}]},"1":{"loc":{"start":{"line":29,"column":11},"end":{"line":33,"column":5}},"type":"if","locations":[{"start":{"line":29,"column":11},"end":{"line":33,"column":5}},{"start":{"line":31,"column":11},"end":{"line":33,"column":5}}]},"2":{"loc":{"start":{"line":31,"column":11},"end":{"line":33,"column":5}},"type":"if","locations":[{"start":{"line":31,"column":11},"end":{"line":33,"column":5}}]},"3":{"loc":{"start":{"line":38,"column":4},"end":{"line":39,"column":66}},"type":"if","locations":[{"start":{"line":38,"column":4},"end":{"line":39,"column":66}}]},"4":{"loc":{"start":{"line":39,"column":6},"end":{"line":39,"column":65}},"type":"cond-expr","locations":[{"start":{"line":39,"column":25},"end":{"line":39,"column":27}},{"start":{"line":39,"column":25},"end":{"line":39,"column":65}}]},"5":{"loc":{"start":{"line":39,"column":6},"end":{"line":39,"column":27}},"type":"binary-expr","locations":[{"start":{"line":39,"column":6},"end":{"line":39,"column":27}},{"start":{"line":39,"column":25},"end":{"line":39,"column":27}}]},"6":{"loc":{"start":{"line":40,"column":4},"end":{"line":41,"column":67}},"type":"if","locations":[{"start":{"line":40,"column":4},"end":{"line":41,"column":67}}]},"7":{"loc":{"start":{"line":41,"column":6},"end":{"line":41,"column":66}},"type":"cond-expr","locations":[{"start":{"line":41,"column":26},"end":{"line":41,"column":28}},{"start":{"line":41,"column":26},"end":{"line":41,"column":66}}]},"8":{"loc":{"start":{"line":41,"column":6},"end":{"line":41,"column":28}},"type":"binary-expr","locations":[{"start":{"line":41,"column":6},"end":{"line":41,"column":28}},{"start":{"line":41,"column":26},"end":{"line":41,"column":28}}]},"9":{"loc":{"start":{"line":42,"column":4},"end":{"line":43,"column":69}},"type":"if","locations":[{"start":{"line":42,"column":4},"end":{"line":43,"column":69}}]},"10":{"loc":{"start":{"line":43,"column":6},"end":{"line":43,"column":68}},"type":"cond-expr","locations":[{"start":{"line":43,"column":28},"end":{"line":43,"column":30}},{"start":{"line":43,"column":28},"end":{"line":43,"column":68}}]},"11":{"loc":{"start":{"line":43,"column":6},"end":{"line":43,"column":30}},"type":"binary-expr","locations":[{"start":{"line":43,"column":6},"end":{"line":43,"column":30}},{"start":{"line":43,"column":28},"end":{"line":43,"column":30}}]}},"s":{"0":0,"1":0,"2":0,"3":0,"4":0,"5":0,"6":0,"7":0,"8":0,"9":0,"10":0,"11":0,"12":0,"13":0,"14":0,"15":0,"16":0,"17":0,"18":0,"19":0,"20":0,"21":0,"22":0,"23":0,"24":0,"25":0,"26":0,"27":0,"28":0,"29":0,"30":0,"31":0,"32":0,"33":0,"34":0,"35":0,"36":0,"37":0,"38":0,"39":0,"40":0},"f":{"0":0,"1":0,"2":0,"3":0,"4":0,"5":0,"6":0},"b":{"0":[0,0],"1":[0,0],"2":[0],"3":[0],"4":[0,0],"5":[0,0],"6":[0],"7":[0,0],"8":[0,0],"9":[0],"10":[0,0],"11":[0,0]}}
,"C:\\Users\\gecig\\dev\\stellar-burgers\\src\\components\\feed-info\\feed-info.tsx": {"path":"C:\\Users\\gecig\\dev\\stellar-burgers\\src\\components\\feed-info\\feed-info.tsx","statementMap":{"0":{"start":{"line":1,"column":0},"end":{"line":1,"column":36}},"1":{"start":{"line":2,"column":0},"end":{"line":2,"column":51}},"2":{"start":{"line":3,"column":0},"end":{"line":3,"column":null}},"3":{"start":{"line":8,"column":0},"end":{"line":8,"column":33}},"4":{"start":{"line":10,"column":28},"end":{"line":45,"column":1}},"5":{"start":{"line":11,"column":17},"end":{"line":11,"column":46}},"6":{"start":{"line":12,"column":16},"end":{"line":12,"column":44}},"7":{"start":{"line":13,"column":21},"end":{"line":13,"column":54}},"8":{"start":{"line":15,"column":41},"end":{"line":31,"column":14}},"9":{"start":{"line":16,"column":28},"end":{"line":16,"column":30}},"10":{"start":{"line":17,"column":30},"end":{"line":17,"column":32}},"11":{"start":{"line":19,"column":4},"end":{"line":25,"column":7}},"12":{"start":{"line":20,"column":6},"end":{"line":24,"column":7}},"13":{"start":{"line":21,"column":8},"end":{"line":21,"column":33}},"14":{"start":{"line":22,"column":13},"end":{"line":24,"column":7}},"15":{"start":{"line":23,"column":8},"end":{"line":23,"column":35}},"16":{"start":{"line":27,"column":4},"end":{"line":30,"column":6}},"17":{"start":{"line":33,"column":15},"end":{"line":36,"column":4}},"18":{"start":{"line":38,"column":2},"end":{"line":44,"column":4}},"19":{"start":{"line":10,"column":13},"end":{"line":10,"column":28}}},"fnMap":{"0":{"name":"(anonymous_0)","decl":{"start":{"line":10,"column":28},"end":{"line":10,"column":31}},"loc":{"start":{"line":10,"column":33},"end":{"line":45,"column":1}}},"1":{"name":"(anonymous_1)","decl":{"start":{"line":15,"column":49},"end":{"line":15,"column":52}},"loc":{"start":{"line":15,"column":54},"end":{"line":31,"column":3}}},"2":{"name":"(anonymous_2)","decl":{"start":{"line":19,"column":19},"end":{"line":19,"column":20}},"loc":{"start":{"line":19,"column":29},"end":{"line":25,"column":5}}}},"branchMap":{"0":{"loc":{"start":{"line":20,"column":6},"end":{"line":24,"column":7}},"type":"if","locations":[{"start":{"line":20,"column":6},"end":{"line":24,"column":7}},{"start":{"line":22,"column":13},"end":{"line":24,"column":7}}]},"1":{"loc":{"start":{"line":22,"column":13},"end":{"line":24,"column":7}},"type":"if","locations":[{"start":{"line":22,"column":13},"end":{"line":24,"column":7}}]},"2":{"loc":{"start":{"line":22,"column":17},"end":{"line":22,"column":73}},"type":"binary-expr","locations":[{"start":{"line":22,"column":17},"end":{"line":22,"column":43}},{"start":{"line":22,"column":47},"end":{"line":22,"column":73}}]}},"s":{"0":0,"1":0,"2":0,"3":0,"4":0,"5":0,"6":0,"7":0,"8":0,"9":0,"10":0,"11":0,"12":0,"13":0,"14":0,"15":0,"16":0,"17":0,"18":0,"19":0},"f":{"0":0,"1":0,"2":0},"b":{"0":[0,0],"1":[0],"2":[0,0]}}
,"C:\\Users\\gecig\\dev\\stellar-burgers\\src\\components\\ingredient-details\\ingredient-details.tsx": {"path":"C:\\Users\\gecig\\dev\\stellar-burgers\\src\\components\\ingredient-details\\ingredient-details.tsx","statementMap":{"0":{"start":{"line":2,"column":0},"end":{"line":2,"column":45}},"1":{"start":{"line":3,"column":0},"end":{"line":3,"column":54}},"2":{"start":{"line":4,"column":0},"end":{"line":4,"column":83}},"3":{"start":{"line":5,"column":0},"end":{"line":5,"column":44}},"4":{"start":{"line":6,"column":0},"end":{"line":6,"column":63}},"5":{"start":{"line":8,"column":37},"end":{"line":18,"column":1}},"6":{"start":{"line":9,"column":17},"end":{"line":9,"column":44}},"7":{"start":{"line":10,"column":22},"end":{"line":10,"column":55}},"8":{"start":{"line":11,"column":25},"end":{"line":11,"column":68}},"9":{"start":{"line":11,"column":52},"end":{"line":11,"column":67}},"10":{"start":{"line":13,"column":2},"end":{"line":15,"column":3}},"11":{"start":{"line":14,"column":4},"end":{"line":14,"column":25}},"12":{"start":{"line":17,"column":2},"end":{"line":17,"column":65}},"13":{"start":{"line":8,"column":13},"end":{"line":8,"column":37}}},"fnMap":{"0":{"name":"(anonymous_0)","decl":{"start":{"line":8,"column":37},"end":{"line":8,"column":40}},"loc":{"start":{"line":8,"column":42},"end":{"line":18,"column":1}}},"1":{"name":"(anonymous_1)","decl":{"start":{"line":11,"column":42},"end":{"line":11,"column":43}},"loc":{"start":{"line":11,"column":52},"end":{"line":11,"column":67}}}},"branchMap":{"0":{"loc":{"start":{"line":13,"column":2},"end":{"line":15,"column":3}},"type":"if","locations":[{"start":{"line":13,"column":2},"end":{"line":15,"column":3}}]}},"s":{"0":0,"1":0,"2":0,"3":0,"4":0,"5":0,"6":0,"7":0,"8":0,"9":0,"10":0,"11":0,"12":0,"13":0},"f":{"0":0,"1":0},"b":{"0":[0]}}
,"C:\\Users\\gecig\\dev\\stellar-burgers\\src\\components\\ingredients-category\\ingredients-category.tsx": {"path":"C:\\Users\\gecig\\dev\\stellar-burgers\\src\\components\\ingredients-category\\ingredients-category.tsx","statementMap":{"0":{"start":{"line":1,"column":0},"end":{"line":1,"column":44}},"1":{"start":{"line":3,"column":0},"end":{"line":3,"column":67}},"2":{"start":{"line":4,"column":0},"end":{"line":4,"column":54}},"3":{"start":{"line":13,"column":13},"end":{"line":44,"column":3}},"4":{"start":{"line":17,"column":28},"end":{"line":17,"column":72}},"5":{"start":{"line":17,"column":54},"end":{"line":17,"column":71}},"6":{"start":{"line":19,"column":30},"end":{"line":32,"column":25}},"7":{"start":{"line":20,"column":57},"end":{"line":20,"column":74}},"8":{"start":{"line":21,"column":48},"end":{"line":21,"column":50}},"9":{"start":{"line":23,"column":4},"end":{"line":28,"column":5}},"10":{"start":{"line":24,"column":6},"end":{"line":27,"column":9}},"11":{"start":{"line":25,"column":8},"end":{"line":25,"column":68}},"12":{"start":{"line":25,"column":39},"end":{"line":25,"column":68}},"13":{"start":{"line":26,"column":8},"end":{"line":26,"column":35}},"14":{"start":{"line":30,"column":4},"end":{"line":30,"column":35}},"15":{"start":{"line":30,"column":13},"end":{"line":30,"column":35}},"16":{"start":{"line":31,"column":4},"end":{"line":31,"column":20}},"17":{"start":{"line":34,"column":2},"end":{"line":43,"column":4}}},"fnMap":{"0":{"name":"(anonymous_0)","decl":{"start":{"line":16,"column":2},"end":{"line":16,"column":3}},"loc":{"start":{"line":16,"column":61},"end":{"line":44,"column":1}}},"1":{"name":"(anonymous_1)","decl":{"start":{"line":17,"column":43},"end":{"line":17,"column":44}},"loc":{"start":{"line":17,"column":54},"end":{"line":17,"column":71}}},"2":{"name":"(anonymous_2)","decl":{"start":{"line":19,"column":38},"end":{"line":19,"column":41}},"loc":{"start":{"line":19,"column":43},"end":{"line":32,"column":3}}},"3":{"name":"(anonymous_3)","decl":{"start":{"line":24,"column":37},"end":{"line":24,"column":38}},"loc":{"start":{"line":24,"column":65},"end":{"line":27,"column":7}}}},"branchMap":{"0":{"loc":{"start":{"line":23,"column":4},"end":{"line":28,"column":5}},"type":"if","locations":[{"start":{"line":23,"column":4},"end":{"line":28,"column":5}}]},"1":{"loc":{"start":{"line":23,"column":8},"end":{"line":23,"column":71}},"type":"binary-expr","locations":[{"start":{"line":23,"column":8},"end":{"line":23,"column":30}},{"start":{"line":23,"column":34},"end":{"line":23,"column":71}}]},"2":{"loc":{"start":{"line":25,"column":8},"end":{"line":25,"column":68}},"type":"if","locations":[{"start":{"line":25,"column":8},"end":{"line":25,"column":68}}]},"3":{"loc":{"start":{"line":30,"column":4},"end":{"line":30,"column":35}},"type":"if","locations":[{"start":{"line":30,"column":4},"end":{"line":30,"column":35}}]}},"s":{"0":0,"1":0,"2":0,"3":0,"4":0,"5":0,"6":0,"7":0,"8":0,"9":0,"10":0,"11":0,"12":0,"13":0,"14":0,"15":0,"16":0,"17":0},"f":{"0":0,"1":0,"2":0,"3":0},"b":{"0":[0],"1":[0,0],"2":[0],"3":[0]}}
,"C:\\Users\\gecig\\dev\\stellar-burgers\\src\\components\\modal\\modal.tsx": {"path":"C:\\Users\\gecig\\dev\\stellar-burgers\\src\\components\\modal\\modal.tsx","statementMap":{"0":{"start":{"line":1,"column":0},"end":{"line":1,"column":44}},"1":{"start":{"line":2,"column":0},"end":{"line":2,"column":33}},"2":{"start":{"line":4,"column":0},"end":{"line":4,"column":30}},"3":{"start":{"line":6,"column":18},"end":{"line":6,"column":51}},"4":{"start":{"line":8,"column":13},"end":{"line":30,"column":3}},"5":{"start":{"line":9,"column":2},"end":{"line":17,"column":16}},"6":{"start":{"line":10,"column":22},"end":{"line":12,"column":5}},"7":{"start":{"line":11,"column":6},"end":{"line":11,"column":38}},"8":{"start":{"line":13,"column":4},"end":{"line":13,"column":52}},"9":{"start":{"line":14,"column":4},"end":{"line":16,"column":6}},"10":{"start":{"line":15,"column":6},"end":{"line":15,"column":57}},"11":{"start":{"line":19,"column":2},"end":{"line":19,"column":30}},"12":{"start":{"line":19,"column":18},"end":{"line":19,"column":30}},"13":{"start":{"line":21,"column":2},"end":{"line":29,"column":4}}},"fnMap":{"0":{"name":"(anonymous_1)","decl":{"start":{"line":8,"column":43},"end":{"line":8,"column":44}},"loc":{"start":{"line":8,"column":76},"end":{"line":30,"column":1}}},"1":{"name":"(anonymous_2)","decl":{"start":{"line":9,"column":12},"end":{"line":9,"column":15}},"loc":{"start":{"line":9,"column":17},"end":{"line":17,"column":3}}},"2":{"name":"(anonymous_3)","decl":{"start":{"line":10,"column":22},"end":{"line":10,"column":23}},"loc":{"start":{"line":10,"column":43},"end":{"line":12,"column":5}}},"3":{"name":"(anonymous_4)","decl":{"start":{"line":14,"column":11},"end":{"line":14,"column":14}},"loc":{"start":{"line":14,"column":16},"end":{"line":16,"column":5}}}},"branchMap":{"0":{"loc":{"start":{"line":11,"column":6},"end":{"line":11,"column":37}},"type":"binary-expr","locations":[{"start":{"line":11,"column":6},"end":{"line":11,"column":24}},{"start":{"line":11,"column":28},"end":{"line":11,"column":37}}]},"1":{"loc":{"start":{"line":19,"column":2},"end":{"line":19,"column":30}},"type":"if","locations":[{"start":{"line":19,"column":2},"end":{"line":19,"column":30}}]}},"s":{"0":0,"1":0,"2":0,"3":0,"4":0,"5":0,"6":0,"7":0,"8":0,"9":0,"10":0,"11":0,"12":0,"13":0},"f":{"0":0,"1":0,"2":0,"3":0},"b":{"0":[0,0],"1":[0]}}
,"C:\\Users\\gecig\\dev\\stellar-burgers\\src\\components\\order-card\\order-card.tsx": {"path":"C:\\Users\\gecig\\dev\\stellar-burgers\\src\\components\\order-card\\order-card.tsx","statementMap":{"0":{"start":{"line":1,"column":0},"end":{"line":1,"column":36}},"1":{"start":{"line":2,"column":0},"end":{"line":2,"column":47}},"2":{"start":{"line":3,"column":0},"end":{"line":3,"column":54}},"3":{"start":{"line":4,"column":0},"end":{"line":4,"column":83}},"4":{"start":{"line":6,"column":0},"end":{"line":6,"column":34}},"5":{"start":{"line":12,"column":45},"end":{"line":79,"column":1}},"6":{"start":{"line":13,"column":19},"end":{"line":13,"column":32}},"7":{"start":{"line":14,"column":22},"end":{"line":14,"column":55}},"8":{"start":{"line":16,"column":20},"end":{"line":60,"column":26}},"9":{"start":{"line":17,"column":4},"end":{"line":17,"column":51}},"10":{"start":{"line":17,"column":39},"end":{"line":17,"column":51}},"11":{"start":{"line":23,"column":28},"end":{"line":40,"column":null}},"12":{"start":{"line":25,"column":8},"end":{"line":37,"column":9}},"13":{"start":{"line":26,"column":29},"end":{"line":27,"column":null}},"14":{"start":{"line":27,"column":34},"end":{"line":27,"column":50}},"15":{"start":{"line":29,"column":10},"end":{"line":34,"column":11}},"16":{"start":{"line":30,"column":12},"end":{"line":33,"column":14}},"17":{"start":{"line":36,"column":10},"end":{"line":36,"column":28}},"18":{"start":{"line":38,"column":8},"end":{"line":38,"column":19}},"19":{"start":{"line":43,"column":18},"end":{"line":46,"column":9}},"20":{"start":{"line":44,"column":25},"end":{"line":44,"column":64}},"21":{"start":{"line":45,"column":6},"end":{"line":45,"column":55}},"22":{"start":{"line":49,"column":6},"end":{"line":49,"column":48}},"23":{"start":{"line":50,"column":20},"end":{"line":50,"column":61}},"24":{"start":{"line":52,"column":4},"end":{"line":58,"column":null}},"25":{"start":{"line":62,"column":2},"end":{"line":64,"column":3}},"26":{"start":{"line":63,"column":4},"end":{"line":63,"column":16}},"27":{"start":{"line":66,"column":19},"end":{"line":68,"column":13}},"28":{"start":{"line":69,"column":19},"end":{"line":69,"column":48}},"29":{"start":{"line":70,"column":24},"end":{"line":70,"column":48}},"30":{"start":{"line":72,"column":2},"end":{"line":78,"column":4}},"31":{"start":{"line":12,"column":13},"end":{"line":12,"column":45}}},"fnMap":{"0":{"name":"(anonymous_0)","decl":{"start":{"line":12,"column":45},"end":{"line":12,"column":46}},"loc":{"start":{"line":12,"column":59},"end":{"line":79,"column":1}}},"1":{"name":"(anonymous_1)","decl":{"start":{"line":16,"column":28},"end":{"line":16,"column":31}},"loc":{"start":{"line":16,"column":33},"end":{"line":60,"column":3}}},"2":{"name":"(anonymous_2)","decl":{"start":{"line":24,"column":6},"end":{"line":24,"column":7}},"loc":{"start":{"line":24,"column":51},"end":{"line":39,"column":7}}},"3":{"name":"(anonymous_3)","decl":{"start":{"line":27,"column":12},"end":{"line":27,"column":13}},"loc":{"start":{"line":27,"column":34},"end":{"line":27,"column":50}}},"4":{"name":"(anonymous_4)","decl":{"start":{"line":43,"column":56},"end":{"line":43,"column":57}},"loc":{"start":{"line":43,"column":78},"end":{"line":46,"column":5}}}},"branchMap":{"0":{"loc":{"start":{"line":17,"column":4},"end":{"line":17,"column":51}},"type":"if","locations":[{"start":{"line":17,"column":4},"end":{"line":17,"column":51}}]},"1":{"loc":{"start":{"line":17,"column":8},"end":{"line":17,"column":37}},"type":"binary-expr","locations":[{"start":{"line":17,"column":8},"end":{"line":17,"column":14}},{"start":{"line":17,"column":18},"end":{"line":17,"column":37}}]},"2":{"loc":{"start":{"line":25,"column":8},"end":{"line":37,"column":9}},"type":"if","locations":[{"start":{"line":25,"column":8},"end":{"line":37,"column":9}},{"start":{"line":35,"column":15},"end":{"line":37,"column":9}}]},"3":{"loc":{"start":{"line":29,"column":10},"end":{"line":34,"column":11}},"type":"if","locations":[{"start":{"line":29,"column":10},"end":{"line":34,"column":11}}]},"4":{"loc":{"start":{"line":62,"column":2},"end":{"line":64,"column":3}},"type":"if","locations":[{"start":{"line":62,"column":2},"end":{"line":64,"column":3}}]},"5":{"loc":{"start":{"line":66,"column":19},"end":{"line":68,"column":13}},"type":"cond-expr","locations":[{"start":{"line":67,"column":6},"end":{"line":67,"column":23}},{"start":{"line":68,"column":6},"end":{"line":68,"column":13}}]}},"s":{"0":0,"1":0,"2":0,"3":0,"4":0,"5":0,"6":0,"7":0,"8":0,"9":0,"10":0,"11":0,"12":0,"13":0,"14":0,"15":0,"16":0,"17":0,"18":0,"19":0,"20":0,"21":0,"22":0,"23":0,"24":0,"25":0,"26":0,"27":0,"28":0,"29":0,"30":0,"31":0},"f":{"0":0,"1":0,"2":0,"3":0,"4":0},"b":{"0":[0],"1":[0,0],"2":[0,0],"3":[0],"4":[0],"5":[0,0]}}
,"C:\\Users\\gecig\\dev\\stellar-burgers\\src\\components\\order-info\\order-info.tsx": {"path":"C:\\Users\\gecig\\dev\\stellar-burgers\\src\\components\\order-info\\order-info.tsx","statementMap":{"0":{"start":{"line":1,"column":0},"end":{"line":1,"column":47}},"1":{"start":{"line":2,"column":0},"end":{"line":2,"column":45}},"2":{"start":{"line":3,"column":0},"end":{"line":3,"column":70}},"3":{"start":{"line":4,"column":0},"end":{"line":4,"column":72}},"4":{"start":{"line":5,"column":0},"end":{"line":5,"column":44}},"5":{"start":{"line":6,"column":0},"end":{"line":6,"column":47}},"6":{"start":{"line":7,"column":0},"end":{"line":7,"column":83}},"7":{"start":{"line":14,"column":45},"end":{"line":75,"column":1}},"8":{"start":{"line":15,"column":21},"end":{"line":15,"column":52}},"9":{"start":{"line":16,"column":19},"end":{"line":16,"column":35}},"10":{"start":{"line":17,"column":38},"end":{"line":17,"column":77}},"11":{"start":{"line":17,"column":64},"end":{"line":17,"column":76}},"12":{"start":{"line":18,"column":22},"end":{"line":18,"column":55}},"13":{"start":{"line":20,"column":2},"end":{"line":24,"column":36}},"14":{"start":{"line":21,"column":4},"end":{"line":23,"column":5}},"15":{"start":{"line":22,"column":6},"end":{"line":22,"column":51}},"16":{"start":{"line":26,"column":20},"end":{"line":26,"column":45}},"17":{"start":{"line":28,"column":20},"end":{"line":68,"column":30}},"18":{"start":{"line":29,"column":4},"end":{"line":29,"column":55}},"19":{"start":{"line":29,"column":43},"end":{"line":29,"column":55}},"20":{"start":{"line":31,"column":17},"end":{"line":31,"column":46}},"21":{"start":{"line":37,"column":28},"end":{"line":54,"column":null}},"22":{"start":{"line":39,"column":8},"end":{"line":51,"column":9}},"23":{"start":{"line":40,"column":29},"end":{"line":41,"column":null}},"24":{"start":{"line":41,"column":34},"end":{"line":41,"column":50}},"25":{"start":{"line":43,"column":10},"end":{"line":48,"column":11}},"26":{"start":{"line":44,"column":12},"end":{"line":47,"column":14}},"27":{"start":{"line":50,"column":10},"end":{"line":50,"column":28}},"28":{"start":{"line":52,"column":8},"end":{"line":52,"column":19}},"29":{"start":{"line":57,"column":18},"end":{"line":60,"column":9}},"30":{"start":{"line":58,"column":25},"end":{"line":58,"column":64}},"31":{"start":{"line":59,"column":6},"end":{"line":59,"column":55}},"32":{"start":{"line":62,"column":4},"end":{"line":66,"column":null}},"33":{"start":{"line":70,"column":2},"end":{"line":72,"column":3}},"34":{"start":{"line":71,"column":4},"end":{"line":71,"column":25}},"35":{"start":{"line":74,"column":2},"end":{"line":74,"column":47}},"36":{"start":{"line":14,"column":13},"end":{"line":14,"column":45}}},"fnMap":{"0":{"name":"(anonymous_0)","decl":{"start":{"line":14,"column":45},"end":{"line":14,"column":46}},"loc":{"start":{"line":14,"column":70},"end":{"line":75,"column":1}}},"1":{"name":"(anonymous_1)","decl":{"start":{"line":17,"column":53},"end":{"line":17,"column":54}},"loc":{"start":{"line":17,"column":64},"end":{"line":17,"column":76}}},"2":{"name":"(anonymous_2)","decl":{"start":{"line":20,"column":12},"end":{"line":20,"column":15}},"loc":{"start":{"line":20,"column":17},"end":{"line":24,"column":3}}},"3":{"name":"(anonymous_3)","decl":{"start":{"line":28,"column":28},"end":{"line":28,"column":31}},"loc":{"start":{"line":28,"column":33},"end":{"line":68,"column":3}}},"4":{"name":"(anonymous_4)","decl":{"start":{"line":38,"column":6},"end":{"line":38,"column":7}},"loc":{"start":{"line":38,"column":51},"end":{"line":53,"column":7}}},"5":{"name":"(anonymous_5)","decl":{"start":{"line":41,"column":12},"end":{"line":41,"column":13}},"loc":{"start":{"line":41,"column":34},"end":{"line":41,"column":50}}},"6":{"name":"(anonymous_6)","decl":{"start":{"line":57,"column":56},"end":{"line":57,"column":57}},"loc":{"start":{"line":57,"column":78},"end":{"line":60,"column":5}}}},"branchMap":{"0":{"loc":{"start":{"line":21,"column":4},"end":{"line":23,"column":5}},"type":"if","locations":[{"start":{"line":21,"column":4},"end":{"line":23,"column":5}}]},"1":{"loc":{"start":{"line":21,"column":8},"end":{"line":21,"column":28}},"type":"binary-expr","locations":[{"start":{"line":21,"column":8},"end":{"line":21,"column":14}},{"start":{"line":21,"column":18},"end":{"line":21,"column":28}}]},"2":{"loc":{"start":{"line":26,"column":20},"end":{"line":26,"column":45}},"type":"binary-expr","locations":[{"start":{"line":26,"column":20},"end":{"line":26,"column":29}},{"start":{"line":26,"column":33},"end":{"line":26,"column":45}}]},"3":{"loc":{"start":{"line":29,"column":4},"end":{"line":29,"column":55}},"type":"if","locations":[{"start":{"line":29,"column":4},"end":{"line":29,"column":55}}]},"4":{"loc":{"start":{"line":29,"column":8},"end":{"line":29,"column":41}},"type":"binary-expr","locations":[{"start":{"line":29,"column":8},"end":{"line":29,"column":18}},{"start":{"line":29,"column":22},"end":{"line":29,"column":41}}]},"5":{"loc":{"start":{"line":39,"column":8},"end":{"line":51,"column":9}},"type":"if","locations":[{"start":{"line":39,"column":8},"end":{"line":51,"column":9}},{"start":{"line":49,"column":15},"end":{"line":51,"column":9}}]},"6":{"loc":{"start":{"line":43,"column":10},"end":{"line":48,"column":11}},"type":"if","locations":[{"start":{"line":43,"column":10},"end":{"line":48,"column":11}}]},"7":{"loc":{"start":{"line":70,"column":2},"end":{"line":72,"column":3}},"type":"if","locations":[{"start":{"line":70,"column":2},"end":{"line":72,"column":3}}]},"8":{"loc":{"start":{"line":70,"column":6},"end":{"line":70,"column":29}},"type":"binary-expr","locations":[{"start":{"line":70,"column":6},"end":{"line":70,"column":15}},{"start":{"line":70,"column":19},"end":{"line":70,"column":29}}]}},"s":{"0":0,"1":0,"2":0,"3":0,"4":0,"5":0,"6":0,"7":0,"8":0,"9":0,"10":0,"11":0,"12":0,"13":0,"14":0,"15":0,"16":0,"17":0,"18":0,"19":0,"20":0,"21":0,"22":0,"23":0,"24":0,"25":0,"26":0,"27":0,"28":0,"29":0,"30":0,"31":0,"32":0,"33":0,"34":0,"35":0,"36":0},"f":{"0":0,"1":0,"2":0,"3":0,"4":0,"5":0,"6":0},"b":{"0":[0],"1":[0,0],"2":[0,0],"3":[0],"4":[0,0],"5":[0,0],"6":[0],"7":[0],"8":[0,0]}}
,"C:\\Users\\gecig\\dev\\stellar-burgers\\src\\components\\order-status\\order-status.tsx": {"path":"C:\\Users\\gecig\\dev\\stellar-burgers\\src\\components\\order-status\\order-status.tsx","statementMap":{"0":{"start":{"line":1,"column":0},"end":{"line":1,"column":34}},"1":{"start":{"line":3,"column":0},"end":{"line":3,"column":36}},"2":{"start":{"line":5,"column":46},"end":{"line":9,"column":2}},"3":{"start":{"line":11,"column":49},"end":{"line":25,"column":1}},"4":{"start":{"line":12,"column":18},"end":{"line":12,"column":20}},"5":{"start":{"line":13,"column":2},"end":{"line":22,"column":3}},"6":{"start":{"line":15,"column":6},"end":{"line":15,"column":28}},"7":{"start":{"line":16,"column":6},"end":{"line":16,"column":12}},"8":{"start":{"line":18,"column":6},"end":{"line":18,"column":28}},"9":{"start":{"line":19,"column":6},"end":{"line":19,"column":12}},"10":{"start":{"line":21,"column":6},"end":{"line":21,"column":28}},"11":{"start":{"line":24,"column":2},"end":{"line":24,"column":75}},"12":{"start":{"line":11,"column":13},"end":{"line":11,"column":49}}},"fnMap":{"0":{"name":"(anonymous_1)","decl":{"start":{"line":11,"column":49},"end":{"line":11,"column":50}},"loc":{"start":{"line":11,"column":64},"end":{"line":25,"column":1}}}},"branchMap":{"0":{"loc":{"start":{"line":13,"column":2},"end":{"line":22,"column":3}},"type":"switch","locations":[{"start":{"line":14,"column":4},"end":{"line":16,"column":12}},{"start":{"line":17,"column":4},"end":{"line":19,"column":12}},{"start":{"line":20,"column":4},"end":{"line":21,"column":28}}]}},"s":{"0":0,"1":0,"2":0,"3":0,"4":0,"5":0,"6":0,"7":0,"8":0,"9":0,"10":0,"11":0,"12":0},"f":{"0":0},"b":{"0":[0,0,0]}}
,"C:\\Users\\gecig\\dev\\stellar-burgers\\src\\components\\orders-list\\orders-list.tsx": {"path":"C:\\Users\\gecig\\dev\\stellar-burgers\\src\\components\\orders-list\\orders-list.tsx","statementMap":{"0":{"start":{"line":1,"column":0},"end":{"line":1,"column":33}},"1":{"start":{"line":3,"column":0},"end":{"line":3,"column":35}},"2":{"start":{"line":5,"column":13},"end":{"line":11,"column":3}},"3":{"start":{"line":6,"column":22},"end":{"line":7,"column":null}},"4":{"start":{"line":7,"column":14},"end":{"line":7,"column":79}},"5":{"start":{"line":10,"column":2},"end":{"line":10,"column":52}}},"fnMap":{"0":{"name":"(anonymous_0)","decl":{"start":{"line":5,"column":52},"end":{"line":5,"column":53}},"loc":{"start":{"line":5,"column":67},"end":{"line":11,"column":1}}},"1":{"name":"(anonymous_1)","decl":{"start":{"line":7,"column":4},"end":{"line":7,"column":5}},"loc":{"start":{"line":7,"column":14},"end":{"line":7,"column":79}}}},"branchMap":{},"s":{"0":0,"1":0,"2":0,"3":0,"4":0,"5":0},"f":{"0":0,"1":0},"b":{}}
,"C:\\Users\\gecig\\dev\\stellar-burgers\\src\\components\\profile-menu\\profile-menu.tsx": {"path":"C:\\Users\\gecig\\dev\\stellar-burgers\\src\\components\\profile-menu\\profile-menu.tsx","statementMap":{"0":{"start":{"line":2,"column":0},"end":{"line":2,"column":60}},"1":{"start":{"line":3,"column":0},"end":{"line":3,"column":36}},"2":{"start":{"line":4,"column":0},"end":{"line":4,"column":54}},"3":{"start":{"line":5,"column":0},"end":{"line":5,"column":62}},"4":{"start":{"line":7,"column":31},"end":{"line":18,"column":1}},"5":{"start":{"line":8,"column":19},"end":{"line":8,"column":35}},"6":{"start":{"line":9,"column":19},"end":{"line":9,"column":32}},"7":{"start":{"line":10,"column":23},"end":{"line":10,"column":36}},"8":{"start":{"line":12,"column":23},"end":{"line":15,"column":3}},"9":{"start":{"line":13,"column":4},"end":{"line":13,"column":27}},"10":{"start":{"line":14,"column":4},"end":{"line":14,"column":23}},"11":{"start":{"line":17,"column":2},"end":{"line":17,"column":75}},"12":{"start":{"line":7,"column":13},"end":{"line":7,"column":31}}},"fnMap":{"0":{"name":"(anonymous_0)","decl":{"start":{"line":7,"column":31},"end":{"line":7,"column":34}},"loc":{"start":{"line":7,"column":36},"end":{"line":18,"column":1}}},"1":{"name":"(anonymous_1)","decl":{"start":{"line":12,"column":23},"end":{"line":12,"column":26}},"loc":{"start":{"line":12,"column":28},"end":{"line":15,"column":3}}}},"branchMap":{},"s":{"0":0,"1":0,"2":0,"3":0,"4":0,"5":0,"6":0,"7":0,"8":0,"9":0,"10":0,"11":0,"12":0},"f":{"0":0,"1":0},"b":{}}
,"C:\\Users\\gecig\\dev\\stellar-burgers\\src\\components\\protected-route\\protected-route.tsx": {"path":"C:\\Users\\gecig\\dev\\stellar-burgers\\src\\components\\protected-route\\protected-route.tsx","statementMap":{"0":{"start":{"line":1,"column":0},"end":{"line":1,"column":48}},"1":{"start":{"line":2,"column":0},"end":{"line":2,"column":57}},"2":{"start":{"line":3,"column":0},"end":{"line":3,"column":70}},"3":{"start":{"line":4,"column":0},"end":{"line":4,"column":null}},"4":{"start":{"line":8,"column":0},"end":{"line":8,"column":59}},"5":{"start":{"line":9,"column":0},"end":{"line":9,"column":32}},"6":{"start":{"line":16,"column":30},"end":{"line":45,"column":1}},"7":{"start":{"line":20,"column":19},"end":{"line":20,"column":35}},"8":{"start":{"line":21,"column":24},"end":{"line":21,"column":59}},"9":{"start":{"line":22,"column":15},"end":{"line":22,"column":41}},"10":{"start":{"line":23,"column":19},"end":{"line":23,"column":32}},"11":{"start":{"line":25,"column":2},"end":{"line":29,"column":32}},"12":{"start":{"line":26,"column":4},"end":{"line":28,"column":5}},"13":{"start":{"line":27,"column":6},"end":{"line":27,"column":26}},"14":{"start":{"line":31,"column":2},"end":{"line":33,"column":3}},"15":{"start":{"line":32,"column":4},"end":{"line":32,"column":25}},"16":{"start":{"line":35,"column":2},"end":{"line":38,"column":3}},"17":{"start":{"line":36,"column":17},"end":{"line":36,"column":44}},"18":{"start":{"line":37,"column":4},"end":{"line":37,"column":42}},"19":{"start":{"line":40,"column":2},"end":{"line":42,"column":3}},"20":{"start":{"line":41,"column":4},"end":{"line":41,"column":71}},"21":{"start":{"line":44,"column":2},"end":{"line":44,"column":18}},"22":{"start":{"line":16,"column":13},"end":{"line":16,"column":30}}},"fnMap":{"0":{"name":"(anonymous_0)","decl":{"start":{"line":16,"column":30},"end":{"line":16,"column":31}},"loc":{"start":{"line":19,"column":27},"end":{"line":45,"column":1}}},"1":{"name":"(anonymous_1)","decl":{"start":{"line":25,"column":12},"end":{"line":25,"column":15}},"loc":{"start":{"line":25,"column":17},"end":{"line":29,"column":3}}}},"branchMap":{"0":{"loc":{"start":{"line":18,"column":2},"end":{"line":18,"column":20}},"type":"default-arg","locations":[{"start":{"line":18,"column":15},"end":{"line":18,"column":20}}]},"1":{"loc":{"start":{"line":26,"column":4},"end":{"line":28,"column":5}},"type":"if","locations":[{"start":{"line":26,"column":4},"end":{"line":28,"column":5}}]},"2":{"loc":{"start":{"line":31,"column":2},"end":{"line":33,"column":3}},"type":"if","locations":[{"start":{"line":31,"column":2},"end":{"line":33,"column":3}}]},"3":{"loc":{"start":{"line":35,"column":2},"end":{"line":38,"column":3}},"type":"if","locations":[{"start":{"line":35,"column":2},"end":{"line":38,"column":3}}]},"4":{"loc":{"start":{"line":35,"column":6},"end":{"line":35,"column":24}},"type":"binary-expr","locations":[{"start":{"line":35,"column":6},"end":{"line":35,"column":16}},{"start":{"line":35,"column":20},"end":{"line":35,"column":24}}]},"5":{"loc":{"start":{"line":36,"column":17},"end":{"line":36,"column":44}},"type":"binary-expr","locations":[{"start":{"line":36,"column":17},"end":{"line":36,"column":37}},{"start":{"line":36,"column":41},"end":{"line":36,"column":44}}]},"6":{"loc":{"start":{"line":36,"column":17},"end":{"line":36,"column":37}},"type":"cond-expr","locations":[{"start":{"line":36,"column":31},"end":{"line":36,"column":33}},{"start":{"line":36,"column":31},"end":{"line":36,"column":37}}]},"7":{"loc":{"start":{"line":36,"column":17},"end":{"line":36,"column":33}},"type":"binary-expr","locations":[{"start":{"line":36,"column":17},"end":{"line":36,"column":33}},{"start":{"line":36,"column":31},"end":{"line":36,"column":33}}]},"8":{"loc":{"start":{"line":40,"column":2},"end":{"line":42,"column":3}},"type":"if","locations":[{"start":{"line":40,"column":2},"end":{"line":42,"column":3}}]},"9":{"loc":{"start":{"line":40,"column":6},"end":{"line":40,"column":26}},"type":"binary-expr","locations":[{"start":{"line":40,"column":6},"end":{"line":40,"column":17}},{"start":{"line":40,"column":21},"end":{"line":40,"column":26}}]}},"s":{"0":0,"1":0,"2":0,"3":0,"4":0,"5":0,"6":0,"7":0,"8":0,"9":0,"10":0,"11":0,"12":0,"13":0,"14":0,"15":0,"16":0,"17":0,"18":0,"19":0,"20":0,"21":0,"22":0},"f":{"0":0,"1":0},"b":{"0":[0],"1":[0],"2":[0],"3":[0],"4":[0,0],"5":[0,0],"6":[0,0],"7":[0,0],"8":[0],"9":[0,0]}}
,"C:\\Users\\gecig\\dev\\stellar-burgers\\src\\components\\ui\\app-header\\app-header.tsx": {"path":"C:\\Users\\gecig\\dev\\stellar-burgers\\src\\components\\ui\\app-header\\app-header.tsx","statementMap":{"0":{"start":{"line":1,"column":0},"end":{"line":1,"column":34}},"1":{"start":{"line":2,"column":0},"end":{"line":2,"column":43}},"2":{"start":{"line":3,"column":0},"end":{"line":3,"column":45}},"3":{"start":{"line":5,"column":0},"end":{"line":5,"column":null}},"4":{"start":{"line":12,"column":50},"end":{"line":69,"column":null}},"5":{"start":{"line":13,"column":2},"end":{"line":68,"column":null}},"6":{"start":{"line":19,"column":12},"end":{"line":19,"column":61}},"7":{"start":{"line":24,"column":12},"end":{"line":28,"column":null}},"8":{"start":{"line":35,"column":12},"end":{"line":35,"column":61}},"9":{"start":{"line":39,"column":12},"end":{"line":41,"column":null}},"10":{"start":{"line":55,"column":12},"end":{"line":55,"column":61}},"11":{"start":{"line":59,"column":12},"end":{"line":63,"column":null}},"12":{"start":{"line":12,"column":13},"end":{"line":12,"column":50}}},"fnMap":{"0":{"name":"(anonymous_1)","decl":{"start":{"line":12,"column":50},"end":{"line":12,"column":51}},"loc":{"start":{"line":13,"column":2},"end":{"line":68,"column":null}}},"1":{"name":"(anonymous_2)","decl":{"start":{"line":18,"column":21},"end":{"line":18,"column":22}},"loc":{"start":{"line":19,"column":12},"end":{"line":19,"column":61}}},"2":{"name":"(anonymous_3)","decl":{"start":{"line":23,"column":11},"end":{"line":23,"column":12}},"loc":{"start":{"line":24,"column":12},"end":{"line":28,"column":null}}},"3":{"name":"(anonymous_4)","decl":{"start":{"line":34,"column":21},"end":{"line":34,"column":22}},"loc":{"start":{"line":35,"column":12},"end":{"line":35,"column":61}}},"4":{"name":"(anonymous_5)","decl":{"start":{"line":38,"column":11},"end":{"line":38,"column":12}},"loc":{"start":{"line":39,"column":12},"end":{"line":41,"column":null}}},"5":{"name":"(anonymous_6)","decl":{"start":{"line":54,"column":21},"end":{"line":54,"column":22}},"loc":{"start":{"line":55,"column":12},"end":{"line":55,"column":61}}},"6":{"name":"(anonymous_7)","decl":{"start":{"line":58,"column":11},"end":{"line":58,"column":12}},"loc":{"start":{"line":59,"column":12},"end":{"line":63,"column":null}}}},"branchMap":{"0":{"loc":{"start":{"line":19,"column":30},"end":{"line":19,"column":59}},"type":"cond-expr","locations":[{"start":{"line":19,"column":41},"end":{"line":19,"column":54}},{"start":{"line":19,"column":57},"end":{"line":19,"column":59}}]},"1":{"loc":{"start":{"line":25,"column":32},"end":{"line":25,"column":66}},"type":"cond-expr","locations":[{"start":{"line":25,"column":43},"end":{"line":25,"column":52}},{"start":{"line":25,"column":55},"end":{"line":25,"column":66}}]},"2":{"loc":{"start":{"line":35,"column":30},"end":{"line":35,"column":59}},"type":"cond-expr","locations":[{"start":{"line":35,"column":41},"end":{"line":35,"column":54}},{"start":{"line":35,"column":57},"end":{"line":35,"column":59}}]},"3":{"loc":{"start":{"line":40,"column":30},"end":{"line":40,"column":64}},"type":"cond-expr","locations":[{"start":{"line":40,"column":41},"end":{"line":40,"column":50}},{"start":{"line":40,"column":53},"end":{"line":40,"column":64}}]},"4":{"loc":{"start":{"line":55,"column":30},"end":{"line":55,"column":59}},"type":"cond-expr","locations":[{"start":{"line":55,"column":41},"end":{"line":55,"column":54}},{"start":{"line":55,"column":57},"end":{"line":55,"column":59}}]},"5":{"loc":{"start":{"line":60,"column":33},"end":{"line":60,"column":67}},"type":"cond-expr","locations":[{"start":{"line":60,"column":44},"end":{"line":60,"column":53}},{"start":{"line":60,"column":56},"end":{"line":60,"column":67}}]},"6":{"loc":{"start":{"line":62,"column":17},"end":{"line":62,"column":45}},"type":"binary-expr","locations":[{"start":{"line":62,"column":17},"end":{"line":62,"column":25}},{"start":{"line":62,"column":29},"end":{"line":62,"column":45}}]}},"s":{"0":0,"1":0,"2":0,"3":0,"4":0,"5":0,"6":0,"7":0,"8":0,"9":0,"10":0,"11":0,"12":0},"f":{"0":0,"1":0,"2":0,"3":0,"4":0,"5":0,"6":0},"b":{"0":[0,0],"1":[0,0],"2":[0,0],"3":[0,0],"4":[0,0],"5":[0,0],"6":[0,0]}}
,"C:\\Users\\gecig\\dev\\stellar-burgers\\src\\components\\ui\\burger-constructor\\burger-constructor.tsx": {"path":"C:\\Users\\gecig\\dev\\stellar-burgers\\src\\components\\ui\\burger-constructor\\burger-constructor.tsx","statementMap":{"0":{"start":{"line":1,"column":0},"end":{"line":1,"column":34}},"1":{"start":{"line":2,"column":0},"end":{"line":2,"column":null}},"2":{"start":{"line":7,"column":0},"end":{"line":7,"column":53}},"3":{"start":{"line":10,"column":0},"end":{"line":10,"column":62}},"4":{"start":{"line":11,"column":0},"end":{"line":11,"column":48}},"5":{"start":{"line":13,"column":65},"end":{"line":107,"column":null}},"6":{"start":{"line":21,"column":2},"end":{"line":106,"column":null}},"7":{"start":{"line":42,"column":14},"end":{"line":46,"column":null}},"8":{"start":{"line":13,"column":13},"end":{"line":13,"column":65}}},"fnMap":{"0":{"name":"(anonymous_1)","decl":{"start":{"line":13,"column":65},"end":{"line":13,"column":66}},"loc":{"start":{"line":21,"column":2},"end":{"line":106,"column":null}}},"1":{"name":"(anonymous_2)","decl":{"start":{"line":41,"column":12},"end":{"line":41,"column":13}},"loc":{"start":{"line":42,"column":14},"end":{"line":46,"column":null}}}},"branchMap":{"0":{"loc":{"start":{"line":23,"column":7},"end":{"line":36,"column":null}},"type":"cond-expr","locations":[{"start":{"line":24,"column":8},"end":{"line":31,"column":null}},{"start":{"line":34,"column":8},"end":{"line":34,"column":null}}]},"1":{"loc":{"start":{"line":39,"column":9},"end":{"line":56,"column":null}},"type":"cond-expr","locations":[{"start":{"line":40,"column":10},"end":{"line":48,"column":null}},{"start":{"line":51,"column":10},"end":{"line":53,"column":null}}]},"2":{"loc":{"start":{"line":59,"column":7},"end":{"line":72,"column":null}},"type":"cond-expr","locations":[{"start":{"line":60,"column":8},"end":{"line":67,"column":null}},{"start":{"line":70,"column":8},"end":{"line":70,"column":null}}]},"3":{"loc":{"start":{"line":87,"column":18},"end":{"line":87,"column":55}},"type":"binary-expr","locations":[{"start":{"line":87,"column":18},"end":{"line":87,"column":39}},{"start":{"line":87,"column":43},"end":{"line":87,"column":55}}]},"4":{"loc":{"start":{"line":93,"column":5},"end":{"line":96,"column":null}},"type":"binary-expr","locations":[{"start":{"line":93,"column":5},"end":{"line":93,"column":17}},{"start":{"line":94,"column":6},"end":{"line":95,"column":null}}]},"5":{"loc":{"start":{"line":99,"column":5},"end":{"line":105,"column":null}},"type":"binary-expr","locations":[{"start":{"line":99,"column":5},"end":{"line":99,"column":19}},{"start":{"line":100,"column":6},"end":{"line":104,"column":null}}]},"6":{"loc":{"start":{"line":102,"column":15},"end":{"line":102,"column":55}},"type":"cond-expr","locations":[{"start":{"line":102,"column":30},"end":{"line":102,"column":50}},{"start":{"line":102,"column":53},"end":{"line":102,"column":55}}]}},"s":{"0":0,"1":0,"2":0,"3":0,"4":0,"5":0,"6":0,"7":0,"8":0},"f":{"0":0,"1":0},"b":{"0":[0,0],"1":[0,0],"2":[0,0],"3":[0,0],"4":[0,0],"5":[0,0],"6":[0,0]}}
,"C:\\Users\\gecig\\dev\\stellar-burgers\\src\\components\\ui\\burger-constructor-element\\burger-constructor-element.tsx": {"path":"C:\\Users\\gecig\\dev\\stellar-burgers\\src\\components\\ui\\burger-constructor-element\\burger-constructor-element.tsx","statementMap":{"0":{"start":{"line":2,"column":0},"end":{"line":2,"column":81}},"1":{"start":{"line":3,"column":0},"end":{"line":3,"column":61}},"2":{"start":{"line":8,"column":4},"end":{"line":31,"column":null}},"3":{"start":{"line":16,"column":2},"end":{"line":30,"column":null}},"4":{"start":{"line":6,"column":13},"end":{"line":6,"column":null}}},"fnMap":{"0":{"name":"(anonymous_1)","decl":{"start":{"line":8,"column":4},"end":{"line":8,"column":5}},"loc":{"start":{"line":16,"column":2},"end":{"line":30,"column":null}}}},"branchMap":{},"s":{"0":0,"1":0,"2":0,"3":0,"4":0},"f":{"0":0},"b":{}}
,"C:\\Users\\gecig\\dev\\stellar-burgers\\src\\components\\ui\\burger-ingredient\\burger-ingredient.tsx": {"path":"C:\\Users\\gecig\\dev\\stellar-burgers\\src\\components\\ui\\burger-ingredient\\burger-ingredient.tsx","statementMap":{"0":{"start":{"line":1,"column":0},"end":{"line":1,"column":40}},"1":{"start":{"line":2,"column":0},"end":{"line":2,"column":40}},"2":{"start":{"line":3,"column":0},"end":{"line":3,"column":52}},"3":{"start":{"line":4,"column":0},"end":{"line":4,"column":null}},"4":{"start":{"line":11,"column":13},"end":{"line":41,"column":2}},"5":{"start":{"line":13,"column":40},"end":{"line":13,"column":50}},"6":{"start":{"line":15,"column":4},"end":{"line":39,"column":6}}},"fnMap":{"0":{"name":"(anonymous_10)","decl":{"start":{"line":12,"column":2},"end":{"line":12,"column":3}},"loc":{"start":{"line":12,"column":54},"end":{"line":40,"column":3}}}},"branchMap":{"0":{"loc":{"start":{"line":17,"column":27},"end":{"line":17,"column":69}},"type":"cond-expr","locations":[{"start":{"line":17,"column":55},"end":{"line":17,"column":60}},{"start":{"line":17,"column":63},"end":{"line":17,"column":69}}]},"1":{"loc":{"start":{"line":18,"column":11},"end":{"line":18,"column":53}},"type":"cond-expr","locations":[{"start":{"line":18,"column":39},"end":{"line":18,"column":44}},{"start":{"line":18,"column":47},"end":{"line":18,"column":53}}]},"2":{"loc":{"start":{"line":25,"column":11},"end":{"line":25,"column":58}},"type":"binary-expr","locations":[{"start":{"line":25,"column":11},"end":{"line":25,"column":16}},{"start":{"line":25,"column":20},"end":{"line":25,"column":29}},{"start":{"line":25,"column":33},"end":{"line":25,"column":58}}]}},"s":{"0":0,"1":0,"2":0,"3":0,"4":0,"5":0,"6":0},"f":{"0":0},"b":{"0":[0,0],"1":[0,0],"2":[0,0,0]}}
,"C:\\Users\\gecig\\dev\\stellar-burgers\\src\\components\\ui\\burger-ingredients\\burger-ingredients.tsx": {"path":"C:\\Users\\gecig\\dev\\stellar-burgers\\src\\components\\ui\\burger-ingredients\\burger-ingredients.tsx","statementMap":{"0":{"start":{"line":1,"column":0},"end":{"line":1,"column":40}},"1":{"start":{"line":2,"column":0},"end":{"line":2,"column":66}},"2":{"start":{"line":3,"column":0},"end":{"line":3,"column":53}},"3":{"start":{"line":5,"column":0},"end":{"line":5,"column":50}},"4":{"start":{"line":7,"column":13},"end":{"line":68,"column":2}},"5":{"start":{"line":22,"column":4},"end":{"line":65,"column":null}}},"fnMap":{"0":{"name":"(anonymous_10)","decl":{"start":{"line":8,"column":2},"end":{"line":8,"column":3}},"loc":{"start":{"line":22,"column":4},"end":{"line":65,"column":null}}}},"branchMap":{},"s":{"0":0,"1":0,"2":0,"3":0,"4":0,"5":0},"f":{"0":0},"b":{}}
,"C:\\Users\\gecig\\dev\\stellar-burgers\\src\\components\\ui\\feed-info\\feed-info.tsx": {"path":"C:\\Users\\gecig\\dev\\stellar-burgers\\src\\components\\ui\\feed-info\\feed-info.tsx","statementMap":{"0":{"start":{"line":3,"column":0},"end":{"line":3,"column":44}},"1":{"start":{"line":5,"column":47},"end":{"line":23,"column":null}},"2":{"start":{"line":10,"column":2},"end":{"line":22,"column":null}},"3":{"start":{"line":5,"column":13},"end":{"line":5,"column":47}},"4":{"start":{"line":26,"column":40},"end":{"line":40,"column":null}},"5":{"start":{"line":27,"column":2},"end":{"line":39,"column":null}},"6":{"start":{"line":31,"column":8},"end":{"line":32,"column":null}}},"fnMap":{"0":{"name":"(anonymous_1)","decl":{"start":{"line":5,"column":47},"end":{"line":5,"column":48}},"loc":{"start":{"line":10,"column":2},"end":{"line":22,"column":null}}},"1":{"name":"(anonymous_2)","decl":{"start":{"line":26,"column":40},"end":{"line":26,"column":41}},"loc":{"start":{"line":27,"column":2},"end":{"line":39,"column":null}}},"2":{"name":"(anonymous_3)","decl":{"start":{"line":30,"column":18},"end":{"line":30,"column":19}},"loc":{"start":{"line":31,"column":8},"end":{"line":32,"column":null}}}},"branchMap":{},"s":{"0":0,"1":0,"2":0,"3":0,"4":0,"5":0,"6":0},"f":{"0":0,"1":0,"2":0},"b":{}}
,"C:\\Users\\gecig\\dev\\stellar-burgers\\src\\components\\ui\\ingredient-details\\ingredient-details.tsx": {"path":"C:\\Users\\gecig\\dev\\stellar-burgers\\src\\components\\ui\\ingredient-details\\ingredient-details.tsx","statementMap":{"0":{"start":{"line":1,"column":0},"end":{"line":1,"column":40}},"1":{"start":{"line":2,"column":0},"end":{"line":2,"column":53}},"2":{"start":{"line":5,"column":13},"end":{"line":39,"column":2}},"3":{"start":{"line":8,"column":6},"end":{"line":8,"column":20}},"4":{"start":{"line":10,"column":4},"end":{"line":37,"column":6}}},"fnMap":{"0":{"name":"(anonymous_10)","decl":{"start":{"line":6,"column":2},"end":{"line":6,"column":3}},"loc":{"start":{"line":6,"column":25},"end":{"line":38,"column":3}}}},"branchMap":{},"s":{"0":0,"1":0,"2":0,"3":0,"4":0},"f":{"0":0},"b":{}}
,"C:\\Users\\gecig\\dev\\stellar-burgers\\src\\components\\ui\\ingredients-category\\ingredients-category.tsx": {"path":"C:\\Users\\gecig\\dev\\stellar-burgers\\src\\components\\ui\\ingredients-category\\ingredients-category.tsx","statementMap":{"0":{"start":{"line":1,"column":0},"end":{"line":1,"column":55}},"1":{"start":{"line":2,"column":0},"end":{"line":2,"column":35}},"2":{"start":{"line":4,"column":0},"end":{"line":4,"column":47}},"3":{"start":{"line":6,"column":13},"end":{"line":30,"column":2}},"4":{"start":{"line":14,"column":4},"end":{"line":27,"column":null}},"5":{"start":{"line":20,"column":10},"end":{"line":22,"column":null}}},"fnMap":{"0":{"name":"(anonymous_1)","decl":{"start":{"line":10,"column":2},"end":{"line":10,"column":null}},"loc":{"start":{"line":14,"column":4},"end":{"line":27,"column":null}}},"1":{"name":"(anonymous_2)","decl":{"start":{"line":19,"column":25},"end":{"line":19,"column":26}},"loc":{"start":{"line":20,"column":10},"end":{"line":22,"column":null}}}},"branchMap":{},"s":{"0":0,"1":0,"2":0,"3":0,"4":0,"5":0},"f":{"0":0,"1":0},"b":{}}
,"C:\\Users\\gecig\\dev\\stellar-burgers\\src\\components\\ui\\modal\\modal.tsx": {"path":"C:\\Users\\gecig\\dev\\stellar-burgers\\src\\components\\ui\\modal\\modal.tsx","statementMap":{"0":{"start":{"line":1,"column":0},"end":{"line":1,"column":33}},"1":{"start":{"line":2,"column":0},"end":{"line":2,"column":40}},"2":{"start":{"line":3,"column":0},"end":{"line":3,"column":72}},"3":{"start":{"line":5,"column":0},"end":{"line":5,"column":37}},"4":{"start":{"line":7,"column":13},"end":{"line":31,"column":2}},"5":{"start":{"line":9,"column":4},"end":{"line":28,"column":null}}},"fnMap":{"0":{"name":"(anonymous_1)","decl":{"start":{"line":8,"column":2},"end":{"line":8,"column":3}},"loc":{"start":{"line":9,"column":4},"end":{"line":28,"column":null}}}},"branchMap":{},"s":{"0":0,"1":0,"2":0,"3":0,"4":0,"5":0},"f":{"0":0},"b":{}}
,"C:\\Users\\gecig\\dev\\stellar-burgers\\src\\components\\ui\\modal-overlay\\modal-overlay.tsx": {"path":"C:\\Users\\gecig\\dev\\stellar-burgers\\src\\components\\ui\\modal-overlay\\modal-overlay.tsx","statementMap":{"0":{"start":{"line":1,"column":0},"end":{"line":1,"column":48}},"1":{"start":{"line":3,"column":30},"end":{"line":8,"column":null}},"2":{"start":{"line":4,"column":2},"end":{"line":7,"column":null}},"3":{"start":{"line":3,"column":13},"end":{"line":3,"column":30}}},"fnMap":{"0":{"name":"(anonymous_1)","decl":{"start":{"line":3,"column":30},"end":{"line":3,"column":31}},"loc":{"start":{"line":4,"column":2},"end":{"line":7,"column":null}}}},"branchMap":{},"s":{"0":0,"1":0,"2":0,"3":0},"f":{"0":0},"b":{}}
,"C:\\Users\\gecig\\dev\\stellar-burgers\\src\\components\\ui\\order-card\\order-card.tsx": {"path":"C:\\Users\\gecig\\dev\\stellar-burgers\\src\\components\\ui\\order-card\\order-card.tsx","statementMap":{"0":{"start":{"line":2,"column":0},"end":{"line":2,"column":40}},"1":{"start":{"line":3,"column":0},"end":{"line":3,"column":null}},"2":{"start":{"line":7,"column":0},"end":{"line":7,"column":45}},"3":{"start":{"line":10,"column":49},"end":{"line":64,"column":1}},"4":{"start":{"line":16,"column":4},"end":{"line":16,"column":13}},"5":{"start":{"line":19,"column":4},"end":{"line":24,"column":23}},"6":{"start":{"line":27,"column":4},"end":{"line":32,"column":19}},"7":{"start":{"line":34,"column":2},"end":{"line":63,"column":4}},"8":{"start":{"line":46,"column":14},"end":{"line":47,"column":null}},"9":{"start":{"line":10,"column":13},"end":{"line":10,"column":49}}},"fnMap":{"0":{"name":"(anonymous_1)","decl":{"start":{"line":10,"column":49},"end":{"line":10,"column":50}},"loc":{"start":{"line":14,"column":5},"end":{"line":64,"column":1}}},"1":{"name":"(anonymous_2)","decl":{"start":{"line":45,"column":35},"end":{"line":45,"column":36}},"loc":{"start":{"line":46,"column":14},"end":{"line":47,"column":null}}}},"branchMap":{"0":{"loc":{"start":{"line":19,"column":4},"end":{"line":24,"column":23}},"type":"binary-expr","locations":[{"start":{"line":19,"column":4},"end":{"line":24,"column":13}},{"start":{"line":24,"column":17},"end":{"line":24,"column":23}}]},"1":{"loc":{"start":{"line":27,"column":4},"end":{"line":32,"column":19}},"type":"binary-expr","locations":[{"start":{"line":27,"column":4},"end":{"line":32,"column":13}},{"start":{"line":32,"column":17},"end":{"line":32,"column":19}}]},"2":{"loc":{"start":{"line":54,"column":13},"end":{"line":54,"column":79}},"type":"binary-expr","locations":[{"start":{"line":54,"column":13},"end":{"line":54,"column":24}},{"start":{"line":54,"column":28},"end":{"line":54,"column":79}}]}},"s":{"0":0,"1":0,"2":0,"3":0,"4":0,"5":0,"6":0,"7":0,"8":0,"9":0},"f":{"0":0,"1":0},"b":{"0":[0,0],"1":[0,0],"2":[0,0]}}
,"C:\\Users\\gecig\\dev\\stellar-burgers\\src\\components\\ui\\order-details\\order-details.tsx": {"path":"C:\\Users\\gecig\\dev\\stellar-burgers\\src\\components\\ui\\order-details\\order-details.tsx","statementMap":{"0":{"start":{"line":1,"column":0},"end":{"line":1,"column":26}},"1":{"start":{"line":2,"column":0},"end":{"line":2,"column":48}},"2":{"start":{"line":3,"column":0},"end":{"line":3,"column":47}},"3":{"start":{"line":6,"column":61},"end":{"line":25,"column":null}},"4":{"start":{"line":9,"column":2},"end":{"line":24,"column":null}},"5":{"start":{"line":6,"column":13},"end":{"line":6,"column":61}}},"fnMap":{"0":{"name":"(anonymous_1)","decl":{"start":{"line":6,"column":61},"end":{"line":6,"column":62}},"loc":{"start":{"line":9,"column":2},"end":{"line":24,"column":null}}}},"branchMap":{},"s":{"0":0,"1":0,"2":0,"3":0,"4":0,"5":0},"f":{"0":0},"b":{}}
,"C:\\Users\\gecig\\dev\\stellar-burgers\\src\\components\\ui\\order-info\\order-info.tsx": {"path":"C:\\Users\\gecig\\dev\\stellar-burgers\\src\\components\\ui\\order-info\\order-info.tsx","statementMap":{"0":{"start":{"line":1,"column":0},"end":{"line":1,"column":40}},"1":{"start":{"line":2,"column":0},"end":{"line":2,"column":null}},"2":{"start":{"line":7,"column":0},"end":{"line":7,"column":45}},"3":{"start":{"line":10,"column":0},"end":{"line":10,"column":42}},"4":{"start":{"line":12,"column":13},"end":{"line":51,"column":3}},"5":{"start":{"line":13,"column":2},"end":{"line":49,"column":null}},"6":{"start":{"line":21,"column":8},"end":{"line":21,"column":null}}},"fnMap":{"0":{"name":"(anonymous_10)","decl":{"start":{"line":12,"column":54},"end":{"line":12,"column":55}},"loc":{"start":{"line":13,"column":2},"end":{"line":49,"column":null}}},"1":{"name":"(anonymous_11)","decl":{"start":{"line":20,"column":52},"end":{"line":20,"column":53}},"loc":{"start":{"line":21,"column":8},"end":{"line":21,"column":null}}}},"branchMap":{},"s":{"0":0,"1":0,"2":0,"3":0,"4":0,"5":0,"6":0},"f":{"0":0,"1":0},"b":{}}
,"C:\\Users\\gecig\\dev\\stellar-burgers\\src\\components\\ui\\order-status\\order-status.tsx": {"path":"C:\\Users\\gecig\\dev\\stellar-burgers\\src\\components\\ui\\order-status\\order-status.tsx","statementMap":{"0":{"start":{"line":1,"column":0},"end":{"line":1,"column":34}},"1":{"start":{"line":4,"column":53},"end":{"line":10,"column":null}},"2":{"start":{"line":5,"column":2},"end":{"line":9,"column":null}},"3":{"start":{"line":4,"column":13},"end":{"line":4,"column":53}}},"fnMap":{"0":{"name":"(anonymous_1)","decl":{"start":{"line":4,"column":53},"end":{"line":4,"column":54}},"loc":{"start":{"line":5,"column":2},"end":{"line":9,"column":null}}}},"branchMap":{},"s":{"0":0,"1":0,"2":0,"3":0},"f":{"0":0},"b":{}}
,"C:\\Users\\gecig\\dev\\stellar-burgers\\src\\components\\ui\\orders-list\\orders-list.tsx": {"path":"C:\\Users\\gecig\\dev\\stellar-burgers\\src\\components\\ui\\orders-list\\orders-list.tsx","statementMap":{"0":{"start":{"line":3,"column":0},"end":{"line":3,"column":46}},"1":{"start":{"line":6,"column":0},"end":{"line":6,"column":40}},"2":{"start":{"line":8,"column":51},"end":{"line":13,"column":null}},"3":{"start":{"line":9,"column":2},"end":{"line":12,"column":null}},"4":{"start":{"line":11,"column":6},"end":{"line":11,"column":49}},"5":{"start":{"line":8,"column":13},"end":{"line":8,"column":51}}},"fnMap":{"0":{"name":"(anonymous_1)","decl":{"start":{"line":8,"column":51},"end":{"line":8,"column":52}},"loc":{"start":{"line":9,"column":2},"end":{"line":12,"column":null}}},"1":{"name":"(anonymous_2)","decl":{"start":{"line":10,"column":21},"end":{"line":10,"column":22}},"loc":{"start":{"line":11,"column":6},"end":{"line":11,"column":49}}}},"branchMap":{},"s":{"0":0,"1":0,"2":0,"3":0,"4":0,"5":0},"f":{"0":0,"1":0},"b":{}}
[...]
nd":{"line":125,"column":30}},"53":{"start":{"line":144,"column":35},"end":{"line":150,"column":54}},"54":{"start":{"line":145,"column":2},"end":{"line":150,"column":54}},"55":{"start":{"line":150,"column":19},"end":{"line":150,"column":53}},"56":{"start":{"line":144,"column":13},"end":{"line":144,"column":35}},"57":{"start":{"line":164,"column":31},"end":{"line":176,"column":6}},"58":{"start":{"line":165,"column":2},"end":{"line":176,"column":6}},"59":{"start":{"line":172,"column":19},"end":{"line":172,"column":52}},"60":{"start":{"line":174,"column":6},"end":{"line":174,"column":37}},"61":{"start":{"line":174,"column":25},"end":{"line":174,"column":37}},"62":{"start":{"line":175,"column":6},"end":{"line":175,"column":34}},"63":{"start":{"line":164,"column":13},"end":{"line":164,"column":31}},"64":{"start":{"line":183,"column":28},"end":{"line":195,"column":6}},"65":{"start":{"line":184,"column":2},"end":{"line":195,"column":6}},"66":{"start":{"line":191,"column":19},"end":{"line":191,"column":52}},"67":{"start":{"line":193,"column":6},"end":{"line":193,"column":37}},"68":{"start":{"line":193,"column":25},"end":{"line":193,"column":37}},"69":{"start":{"line":194,"column":6},"end":{"line":194,"column":34}},"70":{"start":{"line":183,"column":13},"end":{"line":183,"column":28}},"71":{"start":{"line":197,"column":33},"end":{"line":209,"column":6}},"72":{"start":{"line":198,"column":2},"end":{"line":209,"column":6}},"73":{"start":{"line":205,"column":19},"end":{"line":205,"column":58}},"74":{"start":{"line":207,"column":6},"end":{"line":207,"column":37}},"75":{"start":{"line":207,"column":25},"end":{"line":207,"column":37}},"76":{"start":{"line":208,"column":6},"end":{"line":208,"column":34}},"77":{"start":{"line":197,"column":13},"end":{"line":197,"column":33}},"78":{"start":{"line":211,"column":32},"end":{"line":223,"column":6}},"79":{"start":{"line":212,"column":2},"end":{"line":223,"column":6}},"80":{"start":{"line":219,"column":19},"end":{"line":219,"column":58}},"81":{"start":{"line":221,"column":6},"end":{"line":221,"column":37}},"82":{"start":{"line":221,"column":25},"end":{"line":221,"column":37}},"83":{"start":{"line":222,"column":6},"end":{"line":222,"column":34}},"84":{"start":{"line":211,"column":13},"end":{"line":211,"column":32}},"85":{"start":{"line":227,"column":26},"end":{"line":232,"column":4}},"86":{"start":{"line":228,"column":2},"end":{"line":232,"column":4}},"87":{"start":{"line":227,"column":13},"end":{"line":227,"column":26}},"88":{"start":{"line":234,"column":29},"end":{"line":242,"column":4}},"89":{"start":{"line":235,"column":2},"end":{"line":242,"column":4}},"90":{"start":{"line":234,"column":13},"end":{"line":234,"column":29}},"91":{"start":{"line":244,"column":25},"end":{"line":253,"column":59}},"92":{"start":{"line":245,"column":2},"end":{"line":253,"column":59}},"93":{"start":{"line":253,"column":19},"end":{"line":253,"column":58}},"94":{"start":{"line":244,"column":13},"end":{"line":244,"column":25}}},"fnMap":{"0":{"name":"(anonymous_7)","decl":{"start":{"line":6,"column":22},"end":{"line":6,"column":26}},"loc":{"start":{"line":7,"column":2},"end":{"line":7,"column":69}}},"1":{"name":"(anonymous_8)","decl":{"start":{"line":7,"column":40},"end":{"line":7,"column":41}},"loc":{"start":{"line":7,"column":49},"end":{"line":7,"column":68}}},"2":{"name":"(anonymous_9)","decl":{"start":{"line":18,"column":28},"end":{"line":18,"column":58}},"loc":{"start":{"line":19,"column":2},"end":{"line":36,"column":6}}},"3":{"name":"(anonymous_10)","decl":{"start":{"line":28,"column":10},"end":{"line":28,"column":11}},"loc":{"start":{"line":28,"column":19},"end":{"line":28,"column":55}}},"4":{"name":"(anonymous_11)","decl":{"start":{"line":29,"column":10},"end":{"line":29,"column":11}},"loc":{"start":{"line":29,"column":26},"end":{"line":36,"column":5}}},"5":{"name":"(anonymous_12)","decl":{"start":{"line":38,"column":32},"end":{"line":38,"column":null}},"loc":{"start":{"line":41,"column":4},"end":{"line":58,"column":2}}},"6":{"name":"(anonymous_13)","decl":{"start":{"line":41,"column":4},"end":{"line":41,"column":null}},"loc":{"start":{"line":41,"column":4},"end":{"line":58,"column":1}}},"7":{"name":"(anonymous_14)","decl":{"start":{"line":74,"column":33},"end":{"line":74,"column":36}},"loc":{"start":{"line":75,"column":2},"end":{"line":80,"column":6}}},"8":{"name":"(anonymous_15)","decl":{"start":{"line":76,"column":10},"end":{"line":76,"column":11}},"loc":{"start":{"line":76,"column":19},"end":{"line":76,"column":59}}},"9":{"name":"(anonymous_16)","decl":{"start":{"line":77,"column":10},"end":{"line":77,"column":11}},"loc":{"start":{"line":77,"column":19},"end":{"line":80,"column":5}}},"10":{"name":"(anonymous_17)","decl":{"start":{"line":82,"column":27},"end":{"line":82,"column":30}},"loc":{"start":{"line":83,"column":2},"end":{"line":88,"column":6}}},"11":{"name":"(anonymous_18)","decl":{"start":{"line":84,"column":10},"end":{"line":84,"column":11}},"loc":{"start":{"line":84,"column":19},"end":{"line":84,"column":53}}},"12":{"name":"(anonymous_19)","decl":{"start":{"line":85,"column":10},"end":{"line":85,"column":11}},"loc":{"start":{"line":85,"column":19},"end":{"line":88,"column":5}}},"13":{"name":"(anonymous_20)","decl":{"start":{"line":90,"column":28},"end":{"line":90,"column":31}},"loc":{"start":{"line":91,"column":2},"end":{"line":100,"column":4}}},"14":{"name":"(anonymous_21)","decl":{"start":{"line":97,"column":10},"end":{"line":97,"column":11}},"loc":{"start":{"line":97,"column":19},"end":{"line":100,"column":3}}},"15":{"name":"(anonymous_22)","decl":{"start":{"line":125,"column":30},"end":{"line":125,"column":31}},"loc":{"start":{"line":126,"column":2},"end":{"line":138,"column":4}}},"16":{"name":"(anonymous_23)","decl":{"start":{"line":135,"column":10},"end":{"line":135,"column":11}},"loc":{"start":{"line":135,"column":19},"end":{"line":138,"column":3}}},"17":{"name":"(anonymous_24)","decl":{"start":{"line":144,"column":35},"end":{"line":144,"column":36}},"loc":{"start":{"line":145,"column":2},"end":{"line":150,"column":54}}},"18":{"name":"(anonymous_25)","decl":{"start":{"line":150,"column":10},"end":{"line":150,"column":11}},"loc":{"start":{"line":150,"column":19},"end":{"line":150,"column":53}}},"19":{"name":"(anonymous_26)","decl":{"start":{"line":164,"column":31},"end":{"line":164,"column":32}},"loc":{"start":{"line":165,"column":2},"end":{"line":176,"column":6}}},"20":{"name":"(anonymous_27)","decl":{"start":{"line":172,"column":10},"end":{"line":172,"column":11}},"loc":{"start":{"line":172,"column":19},"end":{"line":172,"column":52}}},"21":{"name":"(anonymous_28)","decl":{"start":{"line":173,"column":10},"end":{"line":173,"column":11}},"loc":{"start":{"line":173,"column":19},"end":{"line":176,"column":5}}},"22":{"name":"(anonymous_29)","decl":{"start":{"line":183,"column":28},"end":{"line":183,"column":29}},"loc":{"start":{"line":184,"column":2},"end":{"line":195,"column":6}}},"23":{"name":"(anonymous_30)","decl":{"start":{"line":191,"column":10},"end":{"line":191,"column":11}},"loc":{"start":{"line":191,"column":19},"end":{"line":191,"column":52}}},"24":{"name":"(anonymous_31)","decl":{"start":{"line":192,"column":10},"end":{"line":192,"column":11}},"loc":{"start":{"line":192,"column":19},"end":{"line":195,"column":5}}},"25":{"name":"(anonymous_32)","decl":{"start":{"line":197,"column":33},"end":{"line":197,"column":34}},"loc":{"start":{"line":198,"column":2},"end":{"line":209,"column":6}}},"26":{"name":"(anonymous_33)","decl":{"start":{"line":205,"column":10},"end":{"line":205,"column":11}},"loc":{"start":{"line":205,"column":19},"end":{"line":205,"column":58}}},"27":{"name":"(anonymous_34)","decl":{"start":{"line":206,"column":10},"end":{"line":206,"column":11}},"loc":{"start":{"line":206,"column":19},"end":{"line":209,"column":5}}},"28":{"name":"(anonymous_35)","decl":{"start":{"line":211,"column":32},"end":{"line":211,"column":33}},"loc":{"start":{"line":212,"column":2},"end":{"line":223,"column":6}}},"29":{"name":"(anonymous_36)","decl":{"start":{"line":219,"column":10},"end":{"line":219,"column":11}},"loc":{"start":{"line":219,"column":19},"end":{"line":219,"column":58}}},"30":{"name":"(anonymous_37)","decl":{"start":{"line":220,"column":10},"end":{"line":220,"column":11}},"loc":{"start":{"line":220,"column":19},"end":{"line":223,"column":5}}},"31":{"name":"(anonymous_38)","decl":{"start":{"line":227,"column":26},"end":{"line":227,"column":29}},"loc":{"start":{"line":228,"column":2},"end":{"line":232,"column":4}}},"32":{"name":"(anonymous_39)","decl":{"start":{"line":234,"column":29},"end":{"line":234,"column":30}},"loc":{"start":{"line":235,"column":2},"end":{"line":242,"column":4}}},"33":{"name":"(anonymous_40)","decl":{"start":{"line":244,"column":25},"end":{"line":244,"column":28}},"loc":{"start":{"line":245,"column":2},"end":{"line":253,"column":59}}},"34":{"name":"(anonymous_41)","decl":{"start":{"line":253,"column":10},"end":{"line":253,"column":11}},"loc":{"start":{"line":253,"column":19},"end":{"line":253,"column":58}}}},"branchMap":{"0":{"loc":{"start":{"line":7,"column":2},"end":{"line":7,"column":69}},"type":"cond-expr","locations":[{"start":{"line":7,"column":11},"end":{"line":7,"column":21}},{"start":{"line":7,"column":24},"end":{"line":7,"column":69}}]},"1":{"loc":{"start":{"line":30,"column":6},"end":{"line":32,"column":7}},"type":"if","locations":[{"start":{"line":30,"column":6},"end":{"line":32,"column":7}}]},"2":{"loc":{"start":{"line":46,"column":4},"end":{"line":56,"column":5}},"type":"if","locations":[{"start":{"line":46,"column":4},"end":{"line":56,"column":5}},{"start":{"line":54,"column":11},"end":{"line":56,"column":5}}]},"3":{"loc":{"start":{"line":48,"column":6},"end":{"line":51,"column":7}},"type":"if","locations":[{"start":{"line":48,"column":6},"end":{"line":51,"column":7}}]},"4":{"loc":{"start":{"line":78,"column":6},"end":{"line":78,"column":42}},"type":"if","locations":[{"start":{"line":78,"column":6},"end":{"line":78,"column":42}}]},"5":{"loc":{"start":{"line":78,"column":10},"end":{"line":78,"column":23}},"type":"cond-expr","locations":[{"start":{"line":78,"column":14},"end":{"line":78,"column":16}},{"start":{"line":78,"column":10},"end":{"line":78,"column":23}}]},"6":{"loc":{"start":{"line":78,"column":10},"end":{"line":78,"column":16}},"type":"binary-expr","locations":[{"start":{"line":78,"column":10},"end":{"line":78,"column":16}},{"start":{"line":78,"column":10},"end":{"line":78,"column":16}}]},"7":{"loc":{"start":{"line":86,"column":6},"end":{"line":86,"column":37}},"type":"if","locations":[{"start":{"line":86,"column":6},"end":{"line":86,"column":37}}]},"8":{"loc":{"start":{"line":86,"column":10},"end":{"line":86,"column":23}},"type":"cond-expr","locations":[{"start":{"line":86,"column":14},"end":{"line":86,"column":16}},{"start":{"line":86,"column":10},"end":{"line":86,"column":23}}]},"9":{"loc":{"start":{"line":86,"column":10},"end":{"line":86,"column":16}},"type":"binary-expr","locations":[{"start":{"line":86,"column":10},"end":{"line":86,"column":16}},{"start":{"line":86,"column":10},"end":{"line":86,"column":16}}]},"10":{"loc":{"start":{"line":98,"column":4},"end":{"line":98,"column":42}},"type":"if","locations":[{"start":{"line":98,"column":4},"end":{"line":98,"column":42}}]},"11":{"loc":{"start":{"line":98,"column":8},"end":{"line":98,"column":21}},"type":"cond-expr","locations":[{"start":{"line":98,"column":12},"end":{"line":98,"column":14}},{"start":{"line":98,"column":8},"end":{"line":98,"column":21}}]},"12":{"loc":{"start":{"line":98,"column":8},"end":{"line":98,"column":14}},"type":"binary-expr","locations":[{"start":{"line":98,"column":8},"end":{"line":98,"column":14}},{"start":{"line":98,"column":8},"end":{"line":98,"column":14}}]},"13":{"loc":{"start":{"line":136,"column":4},"end":{"line":136,"column":35}},"type":"if","locations":[{"start":{"line":136,"column":4},"end":{"line":136,"column":35}}]},"14":{"loc":{"start":{"line":136,"column":8},"end":{"line":136,"column":21}},"type":"cond-expr","locations":[{"start":{"line":136,"column":12},"end":{"line":136,"column":14}},{"start":{"line":136,"column":8},"end":{"line":136,"column":21}}]},"15":{"loc":{"start":{"line":136,"column":8},"end":{"line":136,"column":14}},"type":"binary-expr","locations":[{"start":{"line":136,"column":8},"end":{"line":136,"column":14}},{"start":{"line":136,"column":8},"end":{"line":136,"column":14}}]},"16":{"loc":{"start":{"line":174,"column":6},"end":{"line":174,"column":37}},"type":"if","locations":[{"start":{"line":174,"column":6},"end":{"line":174,"column":37}}]},"17":{"loc":{"start":{"line":174,"column":10},"end":{"line":174,"column":23}},"type":"cond-expr","locations":[{"start":{"line":174,"column":14},"end":{"line":174,"column":16}},{"start":{"line":174,"column":10},"end":{"line":174,"column":23}}]},"18":{"loc":{"start":{"line":174,"column":10},"end":{"line":174,"column":16}},"type":"binary-expr","locations":[{"start":{"line":174,"column":10},"end":{"line":174,"column":16}},{"start":{"line":174,"column":10},"end":{"line":174,"column":16}}]},"19":{"loc":{"start":{"line":193,"column":6},"end":{"line":193,"column":37}},"type":"if","locations":[{"start":{"line":193,"column":6},"end":{"line":193,"column":37}}]},"20":{"loc":{"start":{"line":193,"column":10},"end":{"line":193,"column":23}},"type":"cond-expr","locations":[{"start":{"line":193,"column":14},"end":{"line":193,"column":16}},{"start":{"line":193,"column":10},"end":{"line":193,"column":23}}]},"21":{"loc":{"start":{"line":193,"column":10},"end":{"line":193,"column":16}},"type":"binary-expr","locations":[{"start":{"line":193,"column":10},"end":{"line":193,"column":16}},{"start":{"line":193,"column":10},"end":{"line":193,"column":16}}]},"22":{"loc":{"start":{"line":207,"column":6},"end":{"line":207,"column":37}},"type":"if","locations":[{"start":{"line":207,"column":6},"end":{"line":207,"column":37}}]},"23":{"loc":{"start":{"line":207,"column":10},"end":{"line":207,"column":23}},"type":"cond-expr","locations":[{"start":{"line":207,"column":14},"end":{"line":207,"column":16}},{"start":{"line":207,"column":10},"end":{"line":207,"column":23}}]},"24":{"loc":{"start":{"line":207,"column":10},"end":{"line":207,"column":16}},"type":"binary-expr","locations":[{"start":{"line":207,"column":10},"end":{"line":207,"column":16}},{"start":{"line":207,"column":10},"end":{"line":207,"column":16}}]},"25":{"loc":{"start":{"line":221,"column":6},"end":{"line":221,"column":37}},"type":"if","locations":[{"start":{"line":221,"column":6},"end":{"line":221,"column":37}}]},"26":{"loc":{"start":{"line":221,"column":10},"end":{"line":221,"column":23}},"type":"cond-expr","locations":[{"start":{"line":221,"column":14},"end":{"line":221,"column":16}},{"start":{"line":221,"column":10},"end":{"line":221,"column":23}}]},"27":{"loc":{"start":{"line":221,"column":10},"end":{"line":221,"column":16}},"type":"binary-expr","locations":[{"start":{"line":221,"column":10},"end":{"line":221,"column":16}},{"start":{"line":221,"column":10},"end":{"line":221,"column":16}}]}},"s":{"0":4,"1":4,"2":4,"3":0,"4":0,"5":4,"6":0,"7":0,"8":0,"9":0,"10":0,"11":0,"12":0,"13":4,"14":4,"15":0,"16":0,"17":0,"18":0,"19":0,"20":0,"21":0,"22":0,"23":0,"24":0,"25":0,"26":4,"27":4,"28":0,"29":0,"30":0,"31":0,"32":0,"33":4,"34":4,"35":0,"36":0,"37":0,"38":0,"39":0,"40":4,"41":4,"42":0,"43":0,"44":0,"45":0,"46":4,"47":4,"48":0,"49":0,"50":0,"51":0,"52":4,"53":4,"54":0,"55":0,"56":4,"57":4,"58":0,"59":0,"60":0,"61":0,"62":0,"63":4,"64":4,"65":0,"66":0,"67":0,"68":0,"69":0,"70":4,"71":4,"72":0,"73":0,"74":0,"75":0,"76":0,"77":4,"78":4,"79":0,"80":0,"81":0,"82":0,"83":0,"84":4,"85":4,"86":0,"87":4,"88":4,"89":0,"90":4,"91":4,"92":0,"93":0,"94":4},"f":{"0":0,"1":0,"2":0,"3":0,"4":0,"5":0,"6":0,"7":0,"8":0,"9":0,"10":0,"11":0,"12":0,"13":0,"14":0,"15":0,"16":0,"17":0,"18":0,"19":0,"20":0,"21":0,"22":0,"23":0,"24":0,"25":0,"26":0,"27":0,"28":0,"29":0,"30":0,"31":0,"32":0,"33":0,"34":0},"b":{"0":[0,0],"1":[0],"2":[0,0],"3":[0],"4":[0],"5":[0,0],"6":[0,0],"7":[0],"8":[0,0],"9":[0,0],"10":[0],"11":[0,0],"12":[0,0],"13":[0],"14":[0,0],"15":[0,0],"16":[0],"17":[0,0],"18":[0,0],"19":[0],"20":[0,0],"21":[0,0],"22":[0],"23":[0,0],"24":[0,0],"25":[0],"26":[0,0],"27":[0,0]}}
,"C:\\Users\\gecig\\dev\\stellar-burgers\\src\\utils\\cookie.ts": {"path":"C:\\Users\\gecig\\dev\\stellar-burgers\\src\\utils\\cookie.ts","statementMap":{"0":{"start":{"line":1,"column":0},"end":{"line":1,"column":16}},"1":{"start":{"line":13,"column":0},"end":{"line":13,"column":16}},"2":{"start":{"line":45,"column":0},"end":{"line":45,"column":16}},"3":{"start":{"line":2,"column":18},"end":{"line":8,"column":null}},"4":{"start":{"line":10,"column":2},"end":{"line":10,"column":62}},"5":{"start":{"line":18,"column":2},"end":{"line":21,"column":4}},"6":{"start":{"line":23,"column":12},"end":{"line":23,"column":25}},"7":{"start":{"line":24,"column":2},"end":{"line":28,"column":3}},"8":{"start":{"line":25,"column":14},"end":{"line":25,"column":24}},"9":{"start":{"line":26,"column":4},"end":{"line":26,"column":40}},"10":{"start":{"line":27,"column":4},"end":{"line":27,"column":28}},"11":{"start":{"line":30,"column":2},"end":{"line":32,"column":3}},"12":{"start":{"line":31,"column":4},"end":{"line":31,"column":38}},"13":{"start":{"line":33,"column":2},"end":{"line":33,"column":36}},"14":{"start":{"line":34,"column":22},"end":{"line":34,"column":40}},"15":{"start":{"line":35,"column":2},"end":{"line":41,"column":3}},"16":{"start":{"line":36,"column":4},"end":{"line":36,"column":37}},"17":{"start":{"line":37,"column":22},"end":{"line":37,"column":37}},"18":{"start":{"line":38,"column":4},"end":{"line":40,"column":5}},"19":{"start":{"line":39,"column":6},"end":{"line":39,"column":39}},"20":{"start":{"line":42,"column":2},"end":{"line":42,"column":34}},"21":{"start":{"line":46,"column":2},"end":{"line":46,"column":39}}},"fnMap":{"0":{"name":"getCookie","decl":{"start":{"line":1,"column":16},"end":{"line":1,"column":25}},"loc":{"start":{"line":1,"column":38},"end":{"line":11,"column":1}}},"1":{"name":"setCookie","decl":{"start":{"line":13,"column":16},"end":{"line":13,"column":25}},"loc":{"start":{"line":16,"column":65},"end":{"line":43,"column":1}}},"2":{"name":"deleteCookie","decl":{"start":{"line":45,"column":16},"end":{"line":45,"column":28}},"loc":{"start":{"line":45,"column":41},"end":{"line":47,"column":1}}}},"branchMap":{"0":{"loc":{"start":{"line":10,"column":9},"end":{"line":10,"column":61}},"type":"cond-expr","locations":[{"start":{"line":10,"column":19},"end":{"line":10,"column":49}},{"start":{"line":10,"column":52},"end":{"line":10,"column":61}}]},"1":{"loc":{"start":{"line":16,"column":2},"end":{"line":16,"column":65}},"type":"default-arg","locations":[{"start":{"line":16,"column":63},"end":{"line":16,"column":65}}]},"2":{"loc":{"start":{"line":24,"column":2},"end":{"line":28,"column":3}},"type":"if","locations":[{"start":{"line":24,"column":2},"end":{"line":28,"column":3}}]},"3":{"loc":{"start":{"line":24,"column":6},"end":{"line":24,"column":36}},"type":"binary-expr","locations":[{"start":{"line":24,"column":6},"end":{"line":24,"column":9}},{"start":{"line":24,"column":13},"end":{"line":24,"column":36}}]},"4":{"loc":{"start":{"line":30,"column":2},"end":{"line":32,"column":3}},"type":"if","locations":[{"start":{"line":30,"column":2},"end":{"line":32,"column":3}}]},"5":{"loc":{"start":{"line":30,"column":6},"end":{"line":30,"column":32}},"type":"binary-expr","locations":[{"start":{"line":30,"column":6},"end":{"line":30,"column":9}},{"start":{"line":30,"column":13},"end":{"line":30,"column":32}}]},"6":{"loc":{"start":{"line":38,"column":4},"end":{"line":40,"column":5}},"type":"if","locations":[{"start":{"line":38,"column":4},"end":{"line":40,"column":5}}]}},"s":{"0":4,"1":4,"2":4,"3":0,"4":0,"5":0,"6":0,"7":0,"8":0,"9":0,"10":0,"11":0,"12":0,"13":0,"14":0,"15":0,"16":0,"17":0,"18":0,"19":0,"20":0,"21":0},"f":{"0":0,"1":0,"2":0},"b":{"0":[0,0],"1":[0],"2":[0],"3":[0,0],"4":[0],"5":[0,0],"6":[0]}}
}
