TN:
SF:src\components\app\app.tsx
FN:33,(anonymous_1)
FN:43,(anonymous_2)
FN:47,(anonymous_3)
FNF:3
FNH:0
FNDA:0,(anonymous_1)
FNDA:0,(anonymous_2)
FNDA:0,(anonymous_3)
DA:1,0
DA:2,0
DA:15,0
DA:16,0
DA:17,0
DA:19,0
DA:20,0
DA:21,0
DA:22,0
DA:23,0
DA:24,0
DA:25,0
DA:29,0
DA:30,0
DA:31,0
DA:33,0
DA:34,0
DA:35,0
DA:36,0
DA:37,0
DA:39,0
DA:40,0
DA:41,0
DA:43,0
DA:44,0
DA:47,0
DA:48,0
DA:50,0
DA:51,0
DA:52,0
DA:53,0
DA:54,0
DA:58,0
DA:59,0
DA:67,0
DA:68,0
DA:76,0
DA:77,0
DA:87,0
DA:191,0
LF:40
LH:0
BRDA:37,0,0,0
BRDA:37,0,1,0
BRDA:37,1,0,0
BRDA:37,1,1,0
BRDA:51,2,0,0
BRDA:51,2,1,0
BRDA:51,3,0,0
BRDA:51,3,1,0
BRDA:53,4,0,0
BRDA:53,5,0,0
BRDA:53,5,1,0
BRDA:58,6,0,0
BRDA:67,7,0,0
BRDA:76,8,0,0
BRDA:91,9,0,0
BRDA:91,9,1,0
BRDA:157,10,0,0
BRDA:157,10,1,0
BRF:18
BRH:0
end_of_record
TN:
SF:src\components\app-header\app-header.tsx
FN:6,(anonymous_0)
FNF:1
FNH:0
FNDA:0,(anonymous_0)
DA:2,0
DA:3,0
DA:4,0
DA:6,0
DA:7,0
DA:8,0
DA:10,0
LF:7
LH:0
BRDA:8,0,0,0
BRDA:8,0,1,0
BRDA:8,1,0,0
BRDA:8,1,1,0
BRDA:8,2,0,0
BRDA:8,2,1,0
BRF:6
BRH:0
end_of_record
TN:
SF:src\components\burger-constructor\burger-constructor.tsx
FN:12,(anonymous_0)
FN:17,(anonymous_1)
FN:19,(anonymous_2)
FN:21,(anonymous_3)
FN:23,(anonymous_4)
FN:30,(anonymous_5)
FN:41,(anonymous_6)
FN:48,(anonymous_7)
FN:52,(anonymous_8)
FN:55,(anonymous_9)
FNF:10
FNH:0
FNDA:0,(anonymous_0)
FNDA:0,(anonymous_1)
FNDA:0,(anonymous_2)
FNDA:0,(anonymous_3)
FNDA:0,(anonymous_4)
FNDA:0,(anonymous_5)
FNDA:0,(anonymous_6)
FNDA:0,(anonymous_7)
FNDA:0,(anonymous_8)
FNDA:0,(anonymous_9)
DA:1,0
DA:2,0
DA:3,0
DA:4,0
DA:8,0
DA:10,0
DA:12,0
DA:13,0
DA:14,0
DA:15,0
DA:17,0
DA:19,0
DA:21,0
DA:23,0
DA:25,0
DA:30,0
DA:31,0
DA:33,0
DA:34,0
DA:35,0
DA:38,0
DA:41,0
DA:45,0
DA:48,0
DA:49,0
DA:52,0
DA:53,0
DA:54,0
DA:55,0
DA:58,0
DA:61,0
LF:31
LH:0
BRDA:17,0,0,0
BRDA:17,0,1,0
BRDA:17,1,0,0
BRDA:17,1,1,0
BRDA:17,2,0,0
BRDA:17,2,1,0
BRDA:17,3,0,0
BRDA:17,3,1,0
BRDA:19,4,0,0
BRDA:19,4,1,0
BRDA:19,5,0,0
BRDA:19,5,1,0
BRDA:19,6,0,0
BRDA:19,6,1,0
BRDA:19,7,0,0
BRDA:19,7,1,0
BRDA:21,8,0,0
BRDA:21,8,1,0
BRDA:21,9,0,0
BRDA:21,9,1,0
BRDA:21,10,0,0
BRDA:21,10,1,0
BRDA:21,11,0,0
BRDA:21,11,1,0
BRDA:23,12,0,0
BRDA:23,12,1,0
BRDA:23,13,0,0
BRDA:23,13,1,0
BRDA:23,14,0,0
BRDA:23,14,1,0
BRDA:23,15,0,0
BRDA:23,15,1,0
BRDA:31,16,0,0
BRDA:31,17,0,0
BRDA:31,17,1,0
BRDA:33,18,0,0
BRDA:53,19,0,0
BRDA:53,19,1,0
BRF:38
BRH:0
end_of_record
TN:
SF:src\components\burger-constructor-element\burger-constructor-element.tsx
FN:10,(anonymous_0)
FN:17,(anonymous_1)
FN:18,(anonymous_2)
FN:20,(anonymous_3)
FNF:4
FNH:0
FNDA:0,(anonymous_0)
FNDA:0,(anonymous_1)
FNDA:0,(anonymous_2)
FNDA:0,(anonymous_3)
DA:2,0
DA:3,0
DA:7,0
DA:10,0
DA:15,0
DA:17,0
DA:18,0
DA:19,0
DA:20,0
DA:21,0
DA:23,0
LF:11
LH:0
BRDA:19,0,0,0
BRDA:19,0,1,0
BRDA:21,1,0,0
BRDA:21,1,1,0
BRF:4
BRH:0
end_of_record
TN:
SF:src\components\burger-ingredient\burger-ingredient.tsx
FN:7,(anonymous_0)
FN:10,(anonymous_1)
FNF:2
FNH:0
FNDA:0,(anonymous_0)
FNDA:0,(anonymous_1)
DA:1,0
DA:2,0
DA:3,0
DA:6,0
DA:8,0
DA:10,0
DA:11,0
DA:12,0
DA:16,0
LF:9
LH:0
BRDA:11,0,0,0
BRF:1
BRH:0
end_of_record
TN:
SF:src\components\burger-ingredients\burger-ingredients.tsx
FN:9,(anonymous_0)
FN:13,(anonymous_1)
FN:14,(anonymous_2)
FN:15,(anonymous_3)
FN:26,(anonymous_4)
FN:36,(anonymous_5)
FN:46,(anonymous_6)
FNF:7
FNH:0
FNDA:0,(anonymous_0)
FNDA:0,(anonymous_1)
FNDA:0,(anonymous_2)
FNDA:0,(anonymous_3)
FNDA:0,(anonymous_4)
FNDA:0,(anonymous_5)
FNDA:0,(anonymous_6)
DA:1,0
DA:2,0
DA:3,0
DA:4,0
DA:5,0
DA:7,0
DA:9,0
DA:10,0
DA:11,0
DA:13,0
DA:14,0
DA:15,0
DA:17,0
DA:18,0
DA:19,0
DA:20,0
DA:22,0
DA:23,0
DA:24,0
DA:26,0
DA:27,0
DA:28,0
DA:29,0
DA:30,0
DA:31,0
DA:32,0
DA:36,0
DA:37,0
DA:38,0
DA:39,0
DA:40,0
DA:41,0
DA:42,0
DA:43,0
DA:46,0
DA:47,0
DA:50,0
LF:37
LH:0
BRDA:27,0,0,0
BRDA:27,0,1,0
BRDA:29,1,0,0
BRDA:29,1,1,0
BRDA:31,2,0,0
BRDA:38,3,0,0
BRDA:39,4,0,0
BRDA:39,4,1,0
BRDA:39,5,0,0
BRDA:39,5,1,0
BRDA:40,6,0,0
BRDA:41,7,0,0
BRDA:41,7,1,0
BRDA:41,8,0,0
BRDA:41,8,1,0
BRDA:42,9,0,0
BRDA:43,10,0,0
BRDA:43,10,1,0
BRDA:43,11,0,0
BRDA:43,11,1,0
BRF:20
BRH:0
end_of_record
TN:
SF:src\components\feed-info\feed-info.tsx
FN:10,(anonymous_0)
FN:15,(anonymous_1)
FN:19,(anonymous_2)
FNF:3
FNH:0
FNDA:0,(anonymous_0)
FNDA:0,(anonymous_1)
FNDA:0,(anonymous_2)
DA:1,0
DA:2,0
DA:3,0
DA:8,0
DA:10,0
DA:11,0
DA:12,0
DA:13,0
DA:15,0
DA:16,0
DA:17,0
DA:19,0
DA:20,0
DA:21,0
DA:22,0
DA:23,0
DA:27,0
DA:33,0
DA:38,0
LF:19
LH:0
BRDA:20,0,0,0
BRDA:20,0,1,0
BRDA:22,1,0,0
BRDA:22,2,0,0
BRDA:22,2,1,0
BRF:5
BRH:0
end_of_record
TN:
SF:src\components\ingredient-details\ingredient-details.tsx
FN:8,(anonymous_0)
FN:11,(anonymous_1)
FNF:2
FNH:0
FNDA:0,(anonymous_0)
FNDA:0,(anonymous_1)
DA:2,0
DA:3,0
DA:4,0
DA:5,0
DA:6,0
DA:8,0
DA:9,0
DA:10,0
DA:11,0
DA:13,0
DA:14,0
DA:17,0
LF:12
LH:0
BRDA:13,0,0,0
BRF:1
BRH:0
end_of_record
TN:
SF:src\components\ingredients-category\ingredients-category.tsx
FN:16,(anonymous_0)
FN:17,(anonymous_1)
FN:19,(anonymous_2)
FN:24,(anonymous_3)
FNF:4
FNH:0
FNDA:0,(anonymous_0)
FNDA:0,(anonymous_1)
FNDA:0,(anonymous_2)
FNDA:0,(anonymous_3)
DA:1,0
DA:3,0
DA:4,0
DA:13,0
DA:17,0
DA:19,0
DA:20,0
DA:21,0
DA:23,0
DA:24,0
DA:25,0
DA:26,0
DA:30,0
DA:31,0
DA:34,0
LF:15
LH:0
BRDA:23,0,0,0
BRDA:23,1,0,0
BRDA:23,1,1,0
BRDA:25,2,0,0
BRDA:30,3,0,0
BRF:5
BRH:0
end_of_record
TN:
SF:src\components\modal\modal.tsx
FN:8,(anonymous_1)
FN:9,(anonymous_2)
FN:10,(anonymous_3)
FN:14,(anonymous_4)
FNF:4
FNH:0
FNDA:0,(anonymous_1)
FNDA:0,(anonymous_2)
FNDA:0,(anonymous_3)
FNDA:0,(anonymous_4)
DA:1,0
DA:2,0
DA:4,0
DA:6,0
DA:8,0
DA:9,0
DA:10,0
DA:11,0
DA:13,0
DA:14,0
DA:15,0
DA:19,0
DA:21,0
LF:13
LH:0
BRDA:11,0,0,0
BRDA:11,0,1,0
BRDA:19,1,0,0
BRF:3
BRH:0
end_of_record
TN:
SF:src\components\order-card\order-card.tsx
FN:12,(anonymous_0)
FN:16,(anonymous_1)
FN:24,(anonymous_2)
FN:27,(anonymous_3)
FN:43,(anonymous_4)
FNF:5
FNH:0
FNDA:0,(anonymous_0)
FNDA:0,(anonymous_1)
FNDA:0,(anonymous_2)
FNDA:0,(anonymous_3)
FNDA:0,(anonymous_4)
DA:1,0
DA:2,0
DA:3,0
DA:4,0
DA:6,0
DA:12,0
DA:13,0
DA:14,0
DA:16,0
DA:17,0
DA:23,0
DA:25,0
DA:26,0
DA:27,0
DA:29,0
DA:30,0
DA:36,0
DA:38,0
DA:43,0
DA:44,0
DA:45,0
DA:49,0
DA:50,0
DA:52,0
DA:62,0
DA:63,0
DA:66,0
DA:69,0
DA:70,0
DA:72,0
LF:30
LH:0
BRDA:17,0,0,0
BRDA:17,1,0,0
BRDA:17,1,1,0
BRDA:25,2,0,0
BRDA:25,2,1,0
BRDA:29,3,0,0
BRDA:62,4,0,0
BRDA:66,5,0,0
BRDA:66,5,1,0
BRF:9
BRH:0
end_of_record
TN:
SF:src\components\order-info\order-info.tsx
FN:14,(anonymous_0)
FN:17,(anonymous_1)
FN:20,(anonymous_2)
FN:28,(anonymous_3)
FN:38,(anonymous_4)
FN:41,(anonymous_5)
FN:57,(anonymous_6)
FNF:7
FNH:0
FNDA:0,(anonymous_0)
FNDA:0,(anonymous_1)
FNDA:0,(anonymous_2)
FNDA:0,(anonymous_3)
FNDA:0,(anonymous_4)
FNDA:0,(anonymous_5)
FNDA:0,(anonymous_6)
DA:1,0
DA:2,0
DA:3,0
DA:4,0
DA:5,0
DA:6,0
DA:7,0
DA:14,0
DA:15,0
DA:16,0
DA:17,0
DA:18,0
DA:20,0
DA:21,0
DA:22,0
DA:26,0
DA:28,0
DA:29,0
DA:31,0
DA:37,0
DA:39,0
DA:40,0
DA:41,0
DA:43,0
DA:44,0
DA:50,0
DA:52,0
DA:57,0
DA:58,0
DA:59,0
DA:62,0
DA:70,0
DA:71,0
DA:74,0
LF:34
LH:0
BRDA:21,0,0,0
BRDA:21,1,0,0
BRDA:21,1,1,0
BRDA:26,2,0,0
BRDA:26,2,1,0
BRDA:29,3,0,0
BRDA:29,4,0,0
BRDA:29,4,1,0
BRDA:39,5,0,0
BRDA:39,5,1,0
BRDA:43,6,0,0
BRDA:70,7,0,0
BRDA:70,8,0,0
BRDA:70,8,1,0
BRF:14
BRH:0
end_of_record
TN:
SF:src\components\order-status\order-status.tsx
FN:11,(anonymous_1)
FNF:1
FNH:0
FNDA:0,(anonymous_1)
DA:1,0
DA:3,0
DA:5,0
DA:11,0
DA:12,0
DA:13,0
DA:15,0
DA:16,0
DA:18,0
DA:19,0
DA:21,0
DA:24,0
LF:12
LH:0
BRDA:13,0,0,0
BRDA:13,0,1,0
BRDA:13,0,2,0
BRF:3
BRH:0
end_of_record
TN:
SF:src\components\orders-list\orders-list.tsx
FN:5,(anonymous_0)
FN:7,(anonymous_1)
FNF:2
FNH:0
FNDA:0,(anonymous_0)
FNDA:0,(anonymous_1)
DA:1,0
DA:3,0
DA:5,0
DA:6,0
DA:7,0
DA:10,0
LF:6
LH:0
BRF:0
BRH:0
end_of_record
TN:
SF:src\components\profile-menu\profile-menu.tsx
FN:7,(anonymous_0)
FN:12,(anonymous_1)
FNF:2
FNH:0
FNDA:0,(anonymous_0)
FNDA:0,(anonymous_1)
DA:2,0
DA:3,0
DA:4,0
DA:5,0
DA:7,0
DA:8,0
DA:9,0
DA:10,0
DA:12,0
DA:13,0
DA:14,0
DA:17,0
LF:12
LH:0
BRF:0
BRH:0
end_of_record
TN:
SF:src\components\protected-route\protected-route.tsx
FN:16,(anonymous_0)
FN:25,(anonymous_1)
FNF:2
FNH:0
FNDA:0,(anonymous_0)
FNDA:0,(anonymous_1)
DA:1,0
DA:2,0
DA:3,0
DA:4,0
DA:8,0
DA:9,0
DA:16,0
DA:20,0
DA:21,0
DA:22,0
DA:23,0
DA:25,0
DA:26,0
DA:27,0
DA:31,0
DA:32,0
DA:35,0
DA:36,0
DA:37,0
DA:40,0
DA:41,0
DA:44,0
LF:22
LH:0
BRDA:18,0,0,0
BRDA:26,1,0,0
BRDA:31,2,0,0
BRDA:35,3,0,0
BRDA:35,4,0,0
BRDA:35,4,1,0
BRDA:36,5,0,0
BRDA:36,5,1,0
BRDA:36,6,0,0
BRDA:36,6,1,0
BRDA:36,7,0,0
BRDA:36,7,1,0
BRDA:40,8,0,0
BRDA:40,9,0,0
BRDA:40,9,1,0
BRF:15
BRH:0
end_of_record
TN:
SF:src\components\ui\app-header\app-header.tsx
FN:12,(anonymous_1)
FN:18,(anonymous_2)
FN:23,(anonymous_3)
FN:34,(anonymous_4)
FN:38,(anonymous_5)
FN:54,(anonymous_6)
FN:58,(anonymous_7)
FNF:7
FNH:0
FNDA:0,(anonymous_1)
FNDA:0,(anonymous_2)
FNDA:0,(anonymous_3)
FNDA:0,(anonymous_4)
FNDA:0,(anonymous_5)
FNDA:0,(anonymous_6)
FNDA:0,(anonymous_7)
DA:1,0
DA:2,0
DA:3,0
DA:5,0
DA:12,0
DA:13,0
DA:19,0
DA:24,0
DA:35,0
DA:39,0
DA:55,0
DA:59,0
LF:12
LH:0
BRDA:19,0,0,0
BRDA:19,0,1,0
BRDA:25,1,0,0
BRDA:25,1,1,0
BRDA:35,2,0,0
BRDA:35,2,1,0
BRDA:40,3,0,0
BRDA:40,3,1,0
BRDA:55,4,0,0
BRDA:55,4,1,0
BRDA:60,5,0,0
BRDA:60,5,1,0
BRDA:62,6,0,0
BRDA:62,6,1,0
BRF:14
BRH:0
end_of_record
TN:
SF:src\components\ui\burger-constructor\burger-constructor.tsx
FN:13,(anonymous_1)
FN:41,(anonymous_2)
FNF:2
FNH:0
FNDA:0,(anonymous_1)
FNDA:0,(anonymous_2)
DA:1,0
DA:2,0
DA:7,0
DA:10,0
DA:11,0
DA:13,0
DA:21,0
DA:42,0
LF:8
LH:0
BRDA:23,0,0,0
BRDA:23,0,1,0
BRDA:39,1,0,0
BRDA:39,1,1,0
BRDA:59,2,0,0
BRDA:59,2,1,0
BRDA:87,3,0,0
BRDA:87,3,1,0
BRDA:93,4,0,0
BRDA:93,4,1,0
BRDA:99,5,0,0
BRDA:99,5,1,0
BRDA:102,6,0,0
BRDA:102,6,1,0
BRF:14
BRH:0
end_of_record
TN:
SF:src\components\ui\burger-constructor-element\burger-constructor-element.tsx
FN:8,(anonymous_1)
FNF:1
FNH:0
FNDA:0,(anonymous_1)
DA:2,0
DA:3,0
DA:6,0
DA:8,0
DA:16,0
LF:5
LH:0
BRF:0
BRH:0
end_of_record
TN:
SF:src\components\ui\burger-ingredient\burger-ingredient.tsx
FN:12,(anonymous_10)
FNF:1
FNH:0
FNDA:0,(anonymous_10)
DA:1,0
DA:2,0
DA:3,0
DA:4,0
DA:11,0
DA:13,0
DA:15,0
LF:7
LH:0
BRDA:17,0,0,0
BRDA:17,0,1,0
BRDA:18,1,0,0
BRDA:18,1,1,0
BRDA:25,2,0,0
BRDA:25,2,1,0
BRDA:25,2,2,0
BRF:7
BRH:0
end_of_record
TN:
SF:src\components\ui\burger-ingredients\burger-ingredients.tsx
FN:8,(anonymous_10)
FNF:1
FNH:0
FNDA:0,(anonymous_10)
DA:1,0
DA:2,0
DA:3,0
DA:5,0
DA:7,0
DA:22,0
LF:6
LH:0
BRF:0
BRH:0
end_of_record
TN:
SF:src\components\ui\feed-info\feed-info.tsx
FN:5,(anonymous_1)
FN:26,(anonymous_2)
FN:30,(anonymous_3)
FNF:3
FNH:0
FNDA:0,(anonymous_1)
FNDA:0,(anonymous_2)
FNDA:0,(anonymous_3)
DA:3,0
DA:5,0
DA:10,0
DA:26,0
DA:27,0
DA:31,0
LF:6
LH:0
BRF:0
BRH:0
end_of_record
TN:
SF:src\components\ui\ingredient-details\ingredient-details.tsx
FN:6,(anonymous_10)
FNF:1
FNH:0
FNDA:0,(anonymous_10)
DA:1,0
DA:2,0
DA:5,0
DA:8,0
DA:10,0
LF:5
LH:0
BRF:0
BRH:0
end_of_record
TN:
SF:src\components\ui\ingredients-category\ingredients-category.tsx
FN:10,(anonymous_1)
FN:19,(anonymous_2)
FNF:2
FNH:0
FNDA:0,(anonymous_1)
FNDA:0,(anonymous_2)
DA:1,0
DA:2,0
DA:4,0
DA:6,0
DA:14,0
DA:20,0
LF:6
LH:0
BRF:0
BRH:0
end_of_record
TN:
SF:src\components\ui\modal\modal.tsx
FN:8,(anonymous_1)
FNF:1
FNH:0
FNDA:0,(anonymous_1)
DA:1,0
DA:2,0
DA:3,0
DA:5,0
DA:7,0
DA:9,0
LF:6
LH:0
BRF:0
BRH:0
end_of_record
TN:
SF:src\components\ui\modal-overlay\modal-overlay.tsx
FN:3,(anonymous_1)
FNF:1
FNH:0
FNDA:0,(anonymous_1)
DA:1,0
DA:3,0
DA:4,0
LF:3
LH:0
BRF:0
BRH:0
end_of_record
TN:
SF:src\components\ui\order-card\order-card.tsx
FN:10,(anonymous_1)
FN:45,(anonymous_2)
FNF:2
FNH:0
FNDA:0,(anonymous_1)
FNDA:0,(anonymous_2)
DA:2,0
DA:3,0
DA:7,0
DA:10,0
DA:16,0
DA:19,0
DA:27,0
DA:34,0
DA:46,0
LF:9
LH:0
BRDA:19,0,0,0
BRDA:19,0,1,0
BRDA:27,1,0,0
BRDA:27,1,1,0
BRDA:54,2,0,0
BRDA:54,2,1,0
BRF:6
BRH:0
end_of_record
TN:
SF:src\components\ui\order-details\order-details.tsx
FN:6,(anonymous_1)
FNF:1
FNH:0
FNDA:0,(anonymous_1)
DA:1,0
DA:2,0
DA:3,0
DA:6,0
DA:9,0
LF:5
LH:0
BRF:0
BRH:0
end_of_record
TN:
SF:src\components\ui\order-info\order-info.tsx
FN:12,(anonymous_10)
FN:20,(anonymous_11)
FNF:2
FNH:0
FNDA:0,(anonymous_10)
FNDA:0,(anonymous_11)
DA:1,0
DA:2,0
DA:7,0
DA:10,0
DA:12,0
DA:13,0
DA:21,0
LF:7
LH:0
BRF:0
BRH:0
end_of_record
TN:
SF:src\components\ui\order-status\order-status.tsx
FN:4,(anonymous_1)
FNF:1
FNH:0
FNDA:0,(anonymous_1)
DA:1,0
DA:4,0
DA:5,0
LF:3
LH:0
BRF:0
BRH:0
end_of_record
TN:
SF:src\components\ui\orders-list\orders-list.tsx
FN:8,(anonymous_1)
FN:10,(anonymous_2)
FNF:2
FNH:0
FNDA:0,(anonymous_1)
FNDA:0,(anonymous_2)
DA:3,0
DA:6,0
DA:8,0
DA:9,0
DA:11,0
LF:5
LH:0
BRF:0
BRH:0
end_of_record
TN:
SF:src\components\ui\pages\constructor-page\constructor-page.tsx
FN:9,(anonymous_1)
FNF:1
FNH:0
FNDA:0,(anonymous_1)
DA:3,0
DA:6,0
DA:7,0
DA:9,0
DA:12,0
LF:5
LH:0
BRDA:13,0,0,0
BRDA:13,0,1,0
BRF:2
BRH:0
end_of_record
TN:
SF:src\components\ui\pages\feed\feed.tsx
FN:7,(anonymous_1)
FNF:1
FNH:0
FNDA:0,(anonymous_1)
DA:1,0
DA:3,0
DA:4,0
DA:5,0
DA:7,0
DA:8,0
LF:6
LH:0
BRF:0
BRH:0
end_of_record
TN:
SF:src\components\ui\pages\forgot-password\forgot-password.tsx
FN:8,(anonymous_1)
FN:26,(anonymous_2)
FNF:2
FNH:0
FNDA:0,(anonymous_1)
FNDA:0,(anonymous_2)
DA:3,0
DA:4,0
DA:5,0
DA:8,0
DA:14,0
DA:26,0
LF:6
LH:0
BRDA:39,0,0,0
BRDA:39,0,1,0
BRF:2
BRH:0
end_of_record
TN:
SF:src\components\ui\pages\login\login.tsx
FN:11,(anonymous_1)
FN:32,(anonymous_2)
FN:42,(anonymous_3)
FNF:3
FNH:0
FNDA:0,(anonymous_1)
FNDA:0,(anonymous_2)
FNDA:0,(anonymous_3)
DA:2,0
DA:7,0
DA:8,0
DA:11,0
DA:19,0
DA:32,0
DA:42,0
LF:7
LH:0
BRDA:52,0,0,0
BRDA:52,0,1,0
BRF:2
BRH:0
end_of_record
TN:
SF:src\components\ui\pages\profile\profile.tsx
FN:8,(anonymous_1)
FNF:1
FNH:0
FNDA:0,(anonymous_1)
DA:2,0
DA:3,0
DA:4,0
DA:6,0
DA:8,0
DA:16,0
LF:6
LH:0
BRDA:64,0,0,0
BRDA:64,0,1,0
BRDA:79,1,0,0
BRDA:79,1,1,0
BRF:4
BRH:0
end_of_record
TN:
SF:src\components\ui\pages\profile-orders\profile-orders.tsx
FN:8,(anonymous_1)
FNF:1
FNH:0
FNDA:0,(anonymous_1)
DA:3,0
DA:6,0
DA:8,0
DA:9,0
LF:4
LH:0
BRF:0
BRH:0
end_of_record
TN:
SF:src\components\ui\pages\register\register.tsx
FN:11,(anonymous_1)
FN:34,(anonymous_2)
FN:46,(anonymous_3)
FN:56,(anonymous_4)
FNF:4
FNH:0
FNDA:0,(anonymous_1)
FNDA:0,(anonymous_2)
FNDA:0,(anonymous_3)
FNDA:0,(anonymous_4)
DA:2,0
DA:7,0
DA:8,0
DA:11,0
DA:21,0
DA:34,0
DA:46,0
DA:56,0
LF:8
LH:0
BRDA:66,0,0,0
BRDA:66,0,1,0
BRF:2
BRH:0
end_of_record
TN:
SF:src\components\ui\pages\reset-password\reset-password.tsx
FN:11,(anonymous_1)
FN:29,(anonymous_2)
FN:38,(anonymous_3)
FNF:3
FNH:0
FNDA:0,(anonymous_1)
FNDA:0,(anonymous_2)
FNDA:0,(anonymous_3)
DA:2,0
DA:7,0
DA:8,0
DA:11,0
DA:19,0
DA:29,0
DA:38,0
LF:7
LH:0
BRDA:51,0,0,0
BRDA:51,0,1,0
BRF:2
BRH:0
end_of_record
TN:
SF:src\components\ui\preloader\preloader.tsx
FN:4,(anonymous_1)
FNF:1
FNH:0
FNDA:0,(anonymous_1)
DA:1,0
DA:2,0
DA:4,0
DA:5,0
LF:4
LH:0
BRF:0
BRH:0
end_of_record
TN:
SF:src\components\ui\profile-menu\profile-menu.tsx
FN:6,(anonymous_1)
FN:13,(anonymous_2)
FN:24,(anonymous_3)
FNF:3
FNH:0
FNDA:0,(anonymous_1)
FNDA:0,(anonymous_2)
FNDA:0,(anonymous_3)
DA:1,0
DA:2,0
DA:3,0
DA:6,0
DA:10,0
DA:14,0
DA:25,0
LF:7
LH:0
BRDA:16,0,0,0
BRDA:16,0,1,0
BRDA:27,1,0,0
BRDA:27,1,1,0
BRDA:39,2,0,0
BRDA:39,2,1,0
BRF:6
BRH:0
end_of_record
TN:
SF:src\pages\ingredient-page.tsx
FN:8,(anonymous_0)
FN:11,(anonymous_1)
FNF:2
FNH:0
FNDA:0,(anonymous_0)
FNDA:0,(anonymous_1)
DA:2,0
DA:3,0
DA:4,0
DA:5,0
DA:6,0
DA:8,0
DA:9,0
DA:10,0
DA:11,0
DA:13,0
DA:14,0
DA:17,0
LF:12
LH:0
BRDA:13,0,0,0
BRF:1
BRH:0
end_of_record
TN:
SF:src\pages\constructor-page\constructor-page.tsx
FN:10,(anonymous_1)
FNF:1
FNH:0
FNDA:0,(anonymous_1)
DA:3,0
DA:5,0
DA:6,0
DA:10,0
DA:11,0
LF:5
LH:0
BRF:0
BRH:0
end_of_record
TN:
SF:src\pages\feed\feed.tsx
FN:13,(anonymous_0)
FN:20,(anonymous_1)
FN:24,(anonymous_2)
FNF:3
FNH:0
FNDA:0,(anonymous_0)
FNDA:0,(anonymous_1)
FNDA:0,(anonymous_2)
DA:1,0
DA:2,0
DA:3,0
DA:4,0
DA:10,0
DA:11,0
DA:13,0
DA:14,0
DA:15,0
DA:16,0
DA:17,0
DA:18,0
DA:20,0
DA:21,0
DA:24,0
DA:25,0
DA:28,0
DA:29,0
DA:32,0
LF:19
LH:0
BRDA:28,0,0,0
BRDA:28,1,0,0
BRDA:28,1,1,0
BRF:3
BRH:0
end_of_record
TN:
SF:src\pages\forgot-password\forgot-password.tsx
FN:7,(anonymous_0)
FN:13,(anonymous_1)
FN:18,(anonymous_2)
FN:22,(anonymous_3)
FNF:4
FNH:0
FNDA:0,(anonymous_0)
FNDA:0,(anonymous_1)
FNDA:0,(anonymous_2)
FNDA:0,(anonymous_3)
DA:1,0
DA:2,0
DA:4,0
DA:5,0
DA:7,0
DA:8,0
DA:9,0
DA:11,0
DA:13,0
DA:14,0
DA:16,0
DA:17,0
DA:19,0
DA:20,0
DA:22,0
DA:25,0
LF:16
LH:0
BRDA:27,0,0,0
BRDA:27,0,1,0
BRDA:27,1,0,0
BRDA:27,1,1,0
BRF:4
BRH:0
end_of_record
TN:
SF:src\pages\login\login.tsx
FN:11,(anonymous_7)
FN:23,(anonymous_8)
FN:23,(anonymous_9)
FNF:3
FNH:0
FNDA:0,(anonymous_7)
FNDA:0,(anonymous_8)
FNDA:0,(anonymous_9)
DA:1,0
DA:2,0
DA:3,0
DA:4,0
DA:5,0
DA:9,0
DA:11,0
DA:12,0
DA:13,0
DA:14,0
DA:15,0
DA:16,0
DA:18,0
DA:19,0
DA:21,0
DA:23,0
DA:24,0
DA:25,0
DA:26,0
DA:27,0
DA:31,0
LF:21
LH:0
BRDA:21,0,0,0
BRDA:21,0,1,0
BRDA:21,1,0,0
BRDA:21,1,1,0
BRDA:21,2,0,0
BRDA:21,2,1,0
BRDA:21,3,0,0
BRDA:21,3,1,0
BRDA:21,4,0,0
BRDA:21,4,1,0
BRDA:26,5,0,0
BRDA:33,6,0,0
BRDA:33,6,1,0
BRF:13
BRH:0
end_of_record
TN:
SF:src\pages\not-fount-404\not-fount-404.tsx
FN:3,(anonymous_0)
FNF:1
FNH:0
FNDA:0,(anonymous_0)
DA:3,0
DA:4,0
LF:2
LH:0
BRF:0
BRH:0
end_of_record
TN:
SF:src\pages\order-page\order-page.tsx
FN:9,(anonymous_0)
FN:12,(anonymous_1)
FN:15,(anonymous_2)
FN:21,(anonymous_3)
FN:25,(anonymous_4)
FN:26,(anonymous_5)
FN:38,(anonymous_6)
FN:39,(anonymous_7)
FNF:8
FNH:0
FNDA:0,(anonymous_0)
FNDA:0,(anonymous_1)
FNDA:0,(anonymous_2)
FNDA:0,(anonymous_3)
FNDA:0,(anonymous_4)
FNDA:0,(anonymous_5)
FNDA:0,(anonymous_6)
FNDA:0,(anonymous_7)
DA:1,0
DA:2,0
DA:3,0
DA:4,0
DA:5,0
DA:6,0
DA:7,0
DA:9,0
DA:10,0
DA:11,0
DA:12,0
DA:13,0
DA:15,0
DA:16,0
DA:17,0
DA:21,0
DA:22,0
DA:24,0
DA:26,0
DA:27,0
DA:28,0
DA:29,0
DA:31,0
DA:33,0
DA:38,0
DA:39,0
DA:40,0
DA:43,0
DA:51,0
DA:52,0
DA:55,0
LF:31
LH:0
BRDA:16,0,0,0
BRDA:22,1,0,0
BRDA:27,2,0,0
BRDA:28,3,0,0
BRDA:40,4,0,0
BRDA:40,4,1,0
BRDA:40,5,0,0
BRDA:40,5,1,0
BRDA:40,6,0,0
BRDA:40,6,1,0
BRDA:51,7,0,0
BRDA:51,8,0,0
BRDA:51,8,1,0
BRF:13
BRH:0
end_of_record
TN:
SF:src\pages\profile\profile.tsx
FN:16,(anonymous_7)
FN:29,(anonymous_8)
FN:46,(anonymous_9)
FN:46,(anonymous_10)
FN:56,(anonymous_11)
FN:59,(anonymous_12)
FN:68,(anonymous_13)
FN:69,(anonymous_14)
FN:75,(anonymous_15)
FNF:9
FNH:0
FNDA:0,(anonymous_7)
FNDA:0,(anonymous_8)
FNDA:0,(anonymous_9)
FNDA:0,(anonymous_10)
FNDA:0,(anonymous_11)
FNDA:0,(anonymous_12)
FNDA:0,(anonymous_13)
FNDA:0,(anonymous_14)
FNDA:0,(anonymous_15)
DA:1,0
DA:2,0
DA:3,0
DA:4,0
DA:5,0
DA:10,0
DA:16,0
DA:17,0
DA:18,0
DA:19,0
DA:20,0
DA:21,0
DA:23,0
DA:29,0
DA:30,0
DA:31,0
DA:33,0
DA:42,0
DA:46,0
DA:47,0
DA:48,0
DA:49,0
DA:50,0
DA:51,0
DA:53,0
DA:55,0
DA:56,0
DA:59,0
DA:60,0
DA:61,0
DA:68,0
DA:69,0
DA:75,0
DA:76,0
DA:77,0
DA:80,0
DA:81,0
DA:84,0
LF:38
LH:0
BRDA:24,0,0,0
BRDA:24,0,1,0
BRDA:24,1,0,0
BRDA:24,1,1,0
BRDA:24,2,0,0
BRDA:24,2,1,0
BRDA:25,3,0,0
BRDA:25,3,1,0
BRDA:25,4,0,0
BRDA:25,4,1,0
BRDA:25,5,0,0
BRDA:25,5,1,0
BRDA:30,6,0,0
BRDA:30,6,1,0
BRDA:42,7,0,0
BRDA:42,7,1,0
BRDA:42,7,2,0
BRDA:42,8,0,0
BRDA:42,8,1,0
BRDA:42,9,0,0
BRDA:42,9,1,0
BRDA:43,10,0,0
BRDA:43,10,1,0
BRDA:43,11,0,0
BRDA:43,11,1,0
BRDA:49,12,0,0
BRDA:49,13,0,0
BRDA:49,13,1,0
BRDA:49,14,0,0
BRDA:49,14,1,0
BRDA:50,15,0,0
BRDA:50,16,0,0
BRDA:50,16,1,0
BRDA:50,17,0,0
BRDA:50,17,1,0
BRDA:51,18,0,0
BRDA:53,19,0,0
BRDA:62,20,0,0
BRDA:62,20,1,0
BRDA:62,21,0,0
BRDA:62,21,1,0
BRDA:62,22,0,0
BRDA:62,22,1,0
BRDA:63,23,0,0
BRDA:63,23,1,0
BRDA:63,24,0,0
BRDA:63,24,1,0
BRDA:63,25,0,0
BRDA:63,25,1,0
BRDA:80,26,0,0
BRDA:80,27,0,0
BRDA:80,27,1,0
BRDA:92,28,0,0
BRDA:92,28,1,0
BRF:54
BRH:0
end_of_record
TN:
SF:src\pages\profile-orders\profile-orders.tsx
FN:12,(anonymous_0)
FN:17,(anonymous_1)
FNF:2
FNH:0
FNDA:0,(anonymous_0)
FNDA:0,(anonymous_1)
DA:1,0
DA:3,0
DA:4,0
DA:5,0
DA:6,0
DA:10,0
DA:12,0
DA:13,0
DA:14,0
DA:15,0
DA:17,0
DA:18,0
DA:21,0
DA:22,0
DA:25,0
LF:15
LH:0
BRDA:21,0,0,0
BRF:1
BRH:0
end_of_record
TN:
SF:src\pages\register\register.tsx
FN:11,(anonymous_7)
FN:24,(anonymous_8)
FN:24,(anonymous_9)
FNF:3
FNH:0
FNDA:0,(anonymous_7)
FNDA:0,(anonymous_8)
FNDA:0,(anonymous_9)
DA:1,0
DA:2,0
DA:3,0
DA:4,0
DA:5,0
DA:9,0
DA:11,0
DA:12,0
DA:13,0
DA:14,0
DA:15,0
DA:16,0
DA:18,0
DA:19,0
DA:20,0
DA:22,0
DA:24,0
DA:25,0
DA:26,0
DA:29,0
DA:30,0
DA:34,0
LF:22
LH:0
BRDA:22,0,0,0
BRDA:22,0,1,0
BRDA:22,1,0,0
BRDA:22,1,1,0
BRDA:22,2,0,0
BRDA:22,2,1,0
BRDA:22,3,0,0
BRDA:22,3,1,0
BRDA:22,4,0,0
BRDA:22,4,1,0
BRDA:29,5,0,0
BRDA:43,6,0,0
BRDA:43,6,1,0
BRF:13
BRH:0
end_of_record
TN:
SF:src\pages\reset-password\reset-password.tsx
FN:7,(anonymous_0)
FN:13,(anonymous_1)
FN:17,(anonymous_2)
FN:21,(anonymous_3)
FN:24,(anonymous_4)
FNF:5
FNH:0
FNDA:0,(anonymous_0)
FNDA:0,(anonymous_1)
FNDA:0,(anonymous_2)
FNDA:0,(anonymous_3)
FNDA:0,(anonymous_4)
DA:1,0
DA:2,0
DA:4,0
DA:5,0
DA:7,0
DA:8,0
DA:9,0
DA:10,0
DA:11,0
DA:13,0
DA:14,0
DA:15,0
DA:16,0
DA:18,0
DA:19,0
DA:21,0
DA:24,0
DA:25,0
DA:26,0
DA:30,0
LF:20
LH:0
BRDA:25,0,0,0
BRDA:32,1,0,0
BRDA:32,1,1,0
BRDA:32,2,0,0
BRDA:32,2,1,0
BRF:5
BRH:0
end_of_record
TN:
SF:src\services\root-reducer.ts
FNF:0
FNH:0
DA:1,0
DA:2,0
DA:3,0
DA:4,0
DA:5,0
DA:6,0
DA:8,0
DA:10,0
LF:8
LH:0
BRF:0
BRH:0
end_of_record
TN:
SF:src\services\store.ts
FN:13,(anonymous_0)
FN:25,(anonymous_1)
FNF:2
FNH:0
FNDA:0,(anonymous_0)
FNDA:0,(anonymous_1)
DA:1,0
DA:2,0
DA:7,0
DA:9,0
DA:14,0
DA:25,0
DA:26,0
DA:28,0
DA:29,0
DA:31,0
DA:32,0
DA:35,0
LF:12
LH:0
BRDA:12,0,0,0
BRDA:12,0,1,0
BRDA:31,1,0,0
BRF:3
BRH:0
end_of_record
TN:
SF:src\services\selectors\feed-selectors.ts
FN:3,(anonymous_0)
FN:4,(anonymous_1)
FN:5,(anonymous_2)
FN:6,(anonymous_3)
FN:7,(anonymous_4)
FNF:5
FNH:0
FNDA:0,(anonymous_0)
FNDA:0,(anonymous_1)
FNDA:0,(anonymous_2)
FNDA:0,(anonymous_3)
FNDA:0,(anonymous_4)
DA:3,0
DA:4,0
DA:5,0
DA:6,0
DA:7,0
LF:5
LH:0
BRF:0
BRH:0
end_of_record
TN:
SF:src\services\selectors\ingredients-selectors.ts
FN:3,(anonymous_0)
FN:5,(anonymous_1)
FN:7,(anonymous_2)
FNF:3
FNH:0
FNDA:0,(anonymous_0)
FNDA:0,(anonymous_1)
FNDA:0,(anonymous_2)
DA:3,0
DA:4,0
DA:5,0
DA:6,0
DA:7,0
LF:5
LH:0
BRF:0
BRH:0
end_of_record
TN:
SF:src\services\selectors\orders-selectors.ts
FN:3,(anonymous_0)
FN:4,(anonymous_1)
FN:6,(anonymous_2)
FN:8,(anonymous_3)
FNF:4
FNH:0
FNDA:0,(anonymous_0)
FNDA:0,(anonymous_1)
FNDA:0,(anonymous_2)
FNDA:0,(anonymous_3)
DA:3,0
DA:4,0
DA:5,0
DA:6,0
DA:7,0
DA:8,0
LF:6
LH:0
BRF:0
BRH:0
end_of_record
TN:
SF:src\services\selectors\user-selectors.ts
FN:3,(anonymous_0)
FN:4,(anonymous_1)
FN:6,(anonymous_2)
FN:7,(anonymous_3)
FNF:4
FNH:0
FNDA:0,(anonymous_0)
FNDA:0,(anonymous_1)
FNDA:0,(anonymous_2)
FNDA:0,(anonymous_3)
DA:3,0
DA:4,0
DA:5,0
DA:6,0
DA:7,0
LF:5
LH:0
BRF:0
BRH:0
end_of_record
TN:
SF:src\services\slices\burgerConstructor.ts
FN:19,(anonymous_0)
FN:23,(anonymous_1)
FN:32,(anonymous_2)
FN:34,(anonymous_3)
FN:38,(anonymous_4)
FN:48,(anonymous_5)
FNF:6
FNH:0
FNDA:0,(anonymous_0)
FNDA:0,(anonymous_1)
FNDA:0,(anonymous_2)
FNDA:0,(anonymous_3)
FNDA:0,(anonymous_4)
FNDA:0,(anonymous_5)
DA:1,0
DA:9,0
DA:14,0
DA:20,0
DA:21,0
DA:24,0
DA:25,0
DA:27,0
DA:29,0
DA:33,0
DA:34,0
DA:36,0
DA:42,0
DA:43,0
DA:44,0
DA:45,0
DA:46,0
DA:49,0
DA:50,0
DA:51,0
DA:56,0
DA:58,0
DA:65,0
LF:23
LH:0
BRDA:24,0,0,0
BRDA:24,0,1,0
BRF:2
BRH:0
end_of_record
TN:
SF:src\services\slices\constructorReducer.ts
FN:19,(anonymous_0)
FN:24,(anonymous_1)
FN:29,(anonymous_2)
FN:34,(anonymous_3)
FN:38,(anonymous_4)
FN:70,(anonymous_5)
FNF:6
FNH:6
FNDA:2,(anonymous_0)
FNDA:1,(anonymous_1)
FNDA:1,(anonymous_2)
FNDA:1,(anonymous_3)
FNDA:7,(anonymous_4)
FNDA:1,(anonymous_5)
DA:2,2
DA:9,2
DA:14,2
DA:15,2
DA:16,2
DA:17,2
DA:19,2
DA:24,2
DA:29,2
DA:34,2
DA:38,2
DA:42,7
DA:43,0
DA:46,7
DA:51,7
DA:53,2
DA:57,2
DA:58,1
DA:60,1
DA:67,1
DA:70,1
DA:75,1
DA:76,1
DA:77,1
DA:78,1
DA:79,1
DA:80,1
DA:83,1
DA:86,2
DA:90,2
LF:30
LH:29
BRDA:39,0,0,1
BRDA:42,1,0,0
BRDA:42,2,0,7
BRDA:42,2,1,7
BRDA:42,2,2,7
BRDA:48,3,0,7
BRDA:48,3,1,0
BRDA:51,4,0,2
BRDA:51,4,1,1
BRDA:51,4,2,1
BRDA:51,4,3,1
BRDA:51,4,4,2
BRDA:57,5,0,1
BRDA:57,5,1,1
BRF:14
BRH:12
end_of_record
TN:
SF:src\services\slices\feed-slice.ts
FN:21,(anonymous_7)
FN:21,(anonymous_8)
FN:30,(anonymous_9)
FN:32,(anonymous_10)
FN:36,(anonymous_11)
FN:42,(anonymous_12)
FNF:6
FNH:4
FNDA:0,(anonymous_7)
FNDA:0,(anonymous_8)
FNDA:1,(anonymous_9)
FNDA:1,(anonymous_10)
FNDA:1,(anonymous_11)
FNDA:1,(anonymous_12)
DA:1,1
DA:2,1
DA:13,1
DA:21,1
DA:22,0
DA:23,0
DA:26,1
DA:31,1
DA:33,1
DA:34,1
DA:37,1
DA:38,1
DA:39,1
DA:40,1
DA:43,1
DA:44,1
DA:48,1
LF:17
LH:15
BRDA:44,0,0,1
BRDA:44,0,1,0
BRF:2
BRH:1
end_of_record
TN:
SF:src\services\slices\ingredients-slice.ts
FN:19,(anonymous_7)
FN:19,(anonymous_8)
FN:29,(anonymous_9)
FN:31,(anonymous_10)
FN:35,(anonymous_11)
FN:39,(anonymous_12)
FNF:6
FNH:4
FNDA:0,(anonymous_7)
FNDA:0,(anonymous_8)
FNDA:1,(anonymous_9)
FNDA:1,(anonymous_10)
FNDA:1,(anonymous_11)
FNDA:1,(anonymous_12)
DA:1,1
DA:2,1
DA:11,1
DA:17,1
DA:19,0
DA:20,0
DA:21,0
DA:25,1
DA:30,1
DA:32,1
DA:33,1
DA:36,1
DA:37,1
DA:40,1
DA:41,1
DA:45,1
LF:16
LH:13
BRDA:41,0,0,1
BRDA:41,0,1,0
BRF:2
BRH:1
end_of_record
TN:
SF:src\services\slices\orders-slice.ts
FN:20,(anonymous_7)
FN:20,(anonymous_8)
FN:27,(anonymous_9)
FN:27,(anonymous_10)
FN:44,(anonymous_11)
FN:44,(anonymous_12)
FN:54,(anonymous_13)
FN:58,(anonymous_14)
FN:60,(anonymous_15)
FN:64,(anonymous_16)
FN:68,(anonymous_17)
FN:72,(anonymous_18)
FN:77,(anonymous_19)
FN:81,(anonymous_20)
FN:85,(anonymous_21)
FN:89,(anonymous_22)
FN:93,(anonymous_23)
FNF:17
FNH:6
FNDA:0,(anonymous_7)
FNDA:0,(anonymous_8)
FNDA:0,(anonymous_9)
FNDA:0,(anonymous_10)
FNDA:0,(anonymous_11)
FNDA:0,(anonymous_12)
FNDA:1,(anonymous_13)
FNDA:1,(anonymous_14)
FNDA:1,(anonymous_15)
FNDA:1,(anonymous_16)
FNDA:0,(anonymous_17)
FNDA:1,(anonymous_18)
FNDA:1,(anonymous_19)
FNDA:0,(anonymous_20)
FNDA:0,(anonymous_21)
FNDA:0,(anonymous_22)
FNDA:0,(anonymous_23)
DA:1,1
DA:2,1
DA:4,1
DA:13,1
DA:20,1
DA:21,0
DA:22,0
DA:25,1
DA:27,0
DA:28,0
DA:29,0
DA:30,0
DA:42,1
DA:44,0
DA:45,0
DA:46,0
DA:50,1
DA:55,1
DA:59,1
DA:61,1
DA:62,1
DA:65,1
DA:66,1
DA:69,0
DA:70,0
DA:73,1
DA:74,1
DA:75,1
DA:78,1
DA:79,1
DA:82,0
DA:83,0
DA:86,0
DA:87,0
DA:90,0
DA:91,0
DA:94,0
DA:95,0
DA:100,1
DA:101,1
LF:40
LH:21
BRDA:70,0,0,0
BRDA:70,0,1,0
BRDA:83,1,0,0
BRDA:83,1,1,0
BRDA:95,2,0,0
BRDA:95,2,1,0
BRF:6
BRH:0
end_of_record
TN:
SF:src\services\slices\user-slice.ts
FN:30,(anonymous_7)
FN:30,(anonymous_8)
FN:40,(anonymous_9)
FN:40,(anonymous_10)
FN:48,(anonymous_11)
FN:48,(anonymous_12)
FN:55,(anonymous_13)
FN:55,(anonymous_14)
FN:61,(anonymous_15)
FN:61,(anonymous_16)
FN:71,(anonymous_17)
FN:75,(anonymous_18)
FN:77,(anonymous_19)
FN:81,(anonymous_20)
FN:86,(anonymous_21)
FN:91,(anonymous_22)
FN:95,(anonymous_23)
FN:100,(anonymous_24)
FN:105,(anonymous_25)
FN:109,(anonymous_26)
FN:114,(anonymous_27)
FN:119,(anonymous_28)
FN:123,(anonymous_29)
FN:127,(anonymous_30)
FN:131,(anonymous_31)
FN:134,(anonymous_32)
FN:139,(anonymous_33)
FNF:27
FNH:5
FNDA:0,(anonymous_7)
FNDA:0,(anonymous_8)
FNDA:0,(anonymous_9)
FNDA:0,(anonymous_10)
FNDA:0,(anonymous_11)
FNDA:0,(anonymous_12)
FNDA:0,(anonymous_13)
FNDA:0,(anonymous_14)
FNDA:0,(anonymous_15)
FNDA:0,(anonymous_16)
FNDA:1,(anonymous_17)
FNDA:1,(anonymous_18)
FNDA:0,(anonymous_19)
FNDA:0,(anonymous_20)
FNDA:0,(anonymous_21)
FNDA:1,(anonymous_22)
FNDA:1,(anonymous_23)
FNDA:0,(anonymous_24)
FNDA:0,(anonymous_25)
FNDA:0,(anonymous_26)
FNDA:0,(anonymous_27)
FNDA:0,(anonymous_28)
FNDA:0,(anonymous_29)
FNDA:0,(anonymous_30)
FNDA:0,(anonymous_31)
FNDA:1,(anonymous_32)
FNDA:0,(anonymous_33)
DA:1,1
DA:2,1
DA:12,1
DA:21,1
DA:28,1
DA:30,0
DA:31,0
DA:32,0
DA:33,0
DA:34,0
DA:38,1
DA:40,0
DA:41,0
DA:42,0
DA:43,0
DA:44,0
DA:48,1
DA:49,0
DA:50,0
DA:53,1
DA:55,0
DA:56,0
DA:57,0
DA:61,1
DA:62,0
DA:63,0
DA:64,0
DA:67,1
DA:72,1
DA:76,1
DA:78,0
DA:79,0
DA:82,0
DA:83,0
DA:84,0
DA:87,0
DA:88,0
DA:89,0
DA:92,1
DA:93,1
DA:96,1
DA:97,1
DA:98,1
DA:101,0
DA:102,0
DA:103,0
DA:106,0
DA:107,0
DA:110,0
DA:111,0
DA:112,0
DA:115,0
DA:116,0
DA:117,0
DA:120,0
DA:121,0
DA:124,0
DA:125,0
DA:128,0
DA:129,0
DA:132,0
DA:135,1
DA:136,1
DA:137,1
DA:140,0
DA:145,1
DA:146,1
LF:67
LH:22
BRDA:88,0,0,0
BRDA:88,0,1,0
BRDA:102,1,0,0
BRDA:102,1,1,0
BRDA:116,2,0,0
BRDA:116,2,1,0
BRDA:129,3,0,0
BRDA:129,3,1,0
BRF:8
BRH:0
end_of_record
TN:
SF:src\utils\burger-api.ts
FN:6,(anonymous_7)
FN:7,(anonymous_8)
FN:18,(anonymous_9)
FN:28,(anonymous_10)
FN:29,(anonymous_11)
FN:38,(anonymous_12)
FN:41,(anonymous_13)
FN:74,(anonymous_14)
FN:76,(anonymous_15)
FN:77,(anonymous_16)
FN:82,(anonymous_17)
FN:84,(anonymous_18)
FN:85,(anonymous_19)
FN:90,(anonymous_20)
FN:97,(anonymous_21)
FN:125,(anonymous_22)
FN:135,(anonymous_23)
FN:144,(anonymous_24)
FN:150,(anonymous_25)
FN:164,(anonymous_26)
FN:172,(anonymous_27)
FN:173,(anonymous_28)
FN:183,(anonymous_29)
FN:191,(anonymous_30)
FN:192,(anonymous_31)
FN:197,(anonymous_32)
FN:205,(anonymous_33)
FN:206,(anonymous_34)
FN:211,(anonymous_35)
FN:219,(anonymous_36)
FN:220,(anonymous_37)
FN:227,(anonymous_38)
FN:234,(anonymous_39)
FN:244,(anonymous_40)
FN:253,(anonymous_41)
FNF:35
FNH:0
FNDA:0,(anonymous_7)
FNDA:0,(anonymous_8)
FNDA:0,(anonymous_9)
FNDA:0,(anonymous_10)
FNDA:0,(anonymous_11)
FNDA:0,(anonymous_12)
FNDA:0,(anonymous_13)
FNDA:0,(anonymous_14)
FNDA:0,(anonymous_15)
FNDA:0,(anonymous_16)
FNDA:0,(anonymous_17)
FNDA:0,(anonymous_18)
FNDA:0,(anonymous_19)
FNDA:0,(anonymous_20)
FNDA:0,(anonymous_21)
FNDA:0,(anonymous_22)
FNDA:0,(anonymous_23)
FNDA:0,(anonymous_24)
FNDA:0,(anonymous_25)
FNDA:0,(anonymous_26)
FNDA:0,(anonymous_27)
FNDA:0,(anonymous_28)
FNDA:0,(anonymous_29)
FNDA:0,(anonymous_30)
FNDA:0,(anonymous_31)
FNDA:0,(anonymous_32)
FNDA:0,(anonymous_33)
FNDA:0,(anonymous_34)
FNDA:0,(anonymous_35)
FNDA:0,(anonymous_36)
FNDA:0,(anonymous_37)
FNDA:0,(anonymous_38)
FNDA:0,(anonymous_39)
FNDA:0,(anonymous_40)
FNDA:0,(anonymous_41)
DA:1,4
DA:4,4
DA:6,4
DA:7,0
DA:18,4
DA:19,0
DA:28,0
DA:30,0
DA:31,0
DA:33,0
DA:34,0
DA:35,0
DA:38,4
DA:41,0
DA:42,0
DA:43,0
DA:44,0
DA:46,0
DA:47,0
DA:48,0
DA:49,0
DA:52,0
DA:53,0
DA:55,0
DA:74,4
DA:75,0
DA:76,0
DA:78,0
DA:79,0
DA:82,4
DA:83,0
DA:84,0
DA:86,0
DA:87,0
DA:90,4
DA:91,0
DA:98,0
DA:99,0
DA:125,4
DA:126,0
DA:136,0
DA:137,0
DA:144,4
DA:145,0
DA:150,0
DA:164,4
DA:165,0
DA:172,0
DA:174,0
DA:175,0
DA:183,4
DA:184,0
DA:191,0
DA:193,0
DA:194,0
DA:197,4
DA:198,0
DA:205,0
DA:207,0
DA:208,0
DA:211,4
DA:212,0
DA:219,0
DA:221,0
DA:222,0
DA:227,4
DA:228,0
DA:234,4
DA:235,0
DA:244,4
DA:245,0
DA:253,0
LF:72
LH:17
BRDA:7,0,0,0
BRDA:7,0,1,0
BRDA:30,1,0,0
BRDA:46,2,0,0
BRDA:46,2,1,0
BRDA:48,3,0,0
BRDA:78,4,0,0
BRDA:78,5,0,0
BRDA:78,5,1,0
BRDA:78,6,0,0
BRDA:78,6,1,0
BRDA:86,7,0,0
BRDA:86,8,0,0
BRDA:86,8,1,0
BRDA:86,9,0,0
BRDA:86,9,1,0
BRDA:98,10,0,0
BRDA:98,11,0,0
BRDA:98,11,1,0
BRDA:98,12,0,0
BRDA:98,12,1,0
BRDA:136,13,0,0
BRDA:136,14,0,0
BRDA:136,14,1,0
BRDA:136,15,0,0
BRDA:136,15,1,0
BRDA:174,16,0,0
BRDA:174,17,0,0
BRDA:174,17,1,0
BRDA:174,18,0,0
BRDA:174,18,1,0
BRDA:193,19,0,0
BRDA:193,20,0,0
BRDA:193,20,1,0
BRDA:193,21,0,0
BRDA:193,21,1,0
BRDA:207,22,0,0
BRDA:207,23,0,0
BRDA:207,23,1,0
BRDA:207,24,0,0
BRDA:207,24,1,0
BRDA:221,25,0,0
BRDA:221,26,0,0
BRDA:221,26,1,0
BRDA:221,27,0,0
BRDA:221,27,1,0
BRF:46
BRH:0
end_of_record
TN:
SF:src\utils\cookie.ts
FN:1,getCookie
FN:13,setCookie
FN:45,deleteCookie
FNF:3
FNH:0
FNDA:0,getCookie
FNDA:0,setCookie
FNDA:0,deleteCookie
DA:1,4
DA:2,0
DA:10,0
DA:13,4
DA:18,0
DA:23,0
DA:24,0
DA:25,0
DA:26,0
DA:27,0
DA:30,0
DA:31,0
DA:33,0
DA:34,0
DA:35,0
DA:36,0
DA:37,0
DA:38,0
DA:39,0
DA:42,0
DA:45,4
DA:46,0
LF:22
LH:3
BRDA:10,0,0,0
BRDA:10,0,1,0
BRDA:16,1,0,0
BRDA:24,2,0,0
BRDA:24,3,0,0
BRDA:24,3,1,0
BRDA:30,4,0,0
BRDA:30,5,0,0
BRDA:30,5,1,0
BRDA:38,6,0,0
BRF:10
BRH:0
end_of_record
